
          -------------------------------------------------------
          Amber 20 PMEMD                              2020
          -------------------------------------------------------

| PMEMD implementation of SANDER, Release 18

|  Compiled date/time: Wed Oct  6 11:16:13 2021
| Run on 10/12/2021 at 14:15:48

|   Executable path: pmemd
| Working directory: /home/amax/all-md/8/300
|          Hostname: Unknown
  [-O]verwriting output

File Assignments:
|   MDIN: min.in                                                                
|  MDOUT: min.out                                                               
| INPCRD: pep.crd                                                               
|   PARM: pep.top                                                               
| RESTRT: min.rst                                                               
|   REFC: pep.crd                                                               
|  MDVEL: mdvel                                                                 
|   MDEN: mden                                                                  
|  MDCRD: mdcrd                                                                 
| MDINFO: mdinfo                                                                
|  MDFRC: mdfrc                                                                 


 Here is the input file:

Minimisation                                                                   
&cntrl                                                                         
imin=1,                                                                        
maxcyc=4000,                                                                   
ncyc=2000,                                                                     
ntb=0,                                                                         
cut=999,                                                                       
igb=8,                                                                         
/                                                                              


Note: ig = -1. Setting random seed to   629171 based on wallclock time in 
      microseconds.
| irandom = 1, using AMBER's internal random number generator (default).
 
| Conditional Compilation Defines Used:
| PUBFFT
| BINTRAJ
| EMIL

| New format PARM file being parsed.
| Version =    1.000 Date = 10/12/21 Time = 14:15:48

| Note: 1-4 EEL scale factors are being read from the topology file.

| Note: 1-4 VDW scale factors are being read from the topology file.
| INFO:    Reading atomic numbers from topology file.
| Duplicated    0 dihedrals

| Duplicated    0 dihedrals

--------------------------------------------------------------------------------
   1.  RESOURCE   USE: 
--------------------------------------------------------------------------------

 NATOM  =     105 NTYPES =       9 NBONH =      58 MBONA  =      47
 NTHETH =     132 MTHETA =      60 NPHIH =     235 MPHIA  =     167
 NHPARM =       0 NPARM  =       0 NNB   =     569 NRES   =       7
 NBONA  =      47 NTHETA =      60 NPHIA =     167 NUMBND =      25
 NUMANG =      52 NPTRA  =      40 NATYP =      15 NPHB   =       0
 IFBOX  =       0 NMXRS  =      22 IFCAP =       0 NEXTRA =       0
 NCOPY  =       0

 Implicit solvent radii are ArgH and AspGluO modified Bondi2 radii (mbondi3)                                
 Replacing prmtop screening parameters with GBn2 (igb=8) values

--------------------------------------------------------------------------------
   2.  CONTROL  DATA  FOR  THE  RUN
--------------------------------------------------------------------------------

ACE                                                                             

General flags:
     imin    =       1, nmropt  =       0

Nature and format of input:
     ntx     =       1, irest   =       0, ntrx    =       1

Nature and format of output:
     ntxo    =       2, ntpr    =      50, ntrx    =       1, ntwr    =       1
     iwrap   =       0, ntwx    =       0, ntwv    =       0, ntwe    =       0
     ioutfm  =       1, ntwprt  =       0, idecomp =       0, rbornstat=      0

Potential function:
     ntf     =       1, ntb     =       0, igb     =       8, nsnb    =      25
     ipol    =       0, gbsa    =       0, iesp    =       0
     dielc   =   1.00000, cut     = 999.00000, intdiel =   1.00000
     saltcon =   0.00000, offset  =   0.19514, surften =   0.00500
     rdt     =   0.00000, rgbmax  =  25.00000  extdiel =  78.50000
     alpb  =        0
     gbalphaH  =   0.78844, gbbetaH   =   0.79870,  gbgammaH  =    0.43733
     gbalphaC  =   0.73376, gbbetaC   =   0.50638,  gbgammaC  =    0.20584
     gbalphaN  =   0.50336, gbbetaN   =   0.31683,  gbgammaN  =    0.19292
     gbalphaOS =   0.86781, gbbetaOS  =   0.87664,  gbgammaOS =    0.38788
     gbalphaP  =   1.00000, gbbetaP   =   0.80000,  gbgammaP  =    4.85000
     gb_alpha_hnu  =   0.53705, gb_beta_hnu   =   0.36286,  gb_gamma_hnu  =    0.11670
     gb_alpha_cnu  =   0.33167, gb_beta_cnu   =   0.19684,  gb_gamma_cnu  =    0.09342
     gb_alpha_nnu  =   0.68631, gb_beta_nnu   =   0.46319,  gb_gamma_nnu  =    0.13872
     gb_alpha_onu  =   0.60634, gb_beta_onu   =   0.46301,  gb_gamma_onu  =    0.14226
     gb_alpha_pnu  =   0.41836, gb_beta_pnu   =   0.29005,  gb_gamma_pnu  =    0.10642

Frozen or restrained atoms:
     ibelly  =       0, ntr     =       0

Energy minimization:
     maxcyc  =    4000, ncyc    =    2000, ntmin   =       1
     dx0     =   0.01000, drms    =   0.00010

| Intermolecular bonds treatment:
|     no_intermolecular_bonds =       1

| Energy averages sample interval:
|     ene_avg_sampling =       1

--------------------------------------------------------------------------------
   3.  ATOMIC COORDINATES AND VELOCITIES
--------------------------------------------------------------------------------

ACE                                                                             
 begin time read from input coords =     0.000 ps

 
 Number of triangulated 3-point waters found:        0
| Dynamic Memory, Types Used:
| Reals               10357
| Integers            10727

--------------------------------------------------------------------------------
   4.  RESULTS
--------------------------------------------------------------------------------



   NSTEP       ENERGY          RMS            GMAX         NAME    NUMBER
      1       1.1285E+04     1.2062E+04     1.1550E+05     HD2        97

 BOND    =        0.2089  ANGLE   =        1.9792  DIHED      =        8.0521
 UB      =        0.0000  IMP     =        0.0000  CMAP       =       -4.4020
 VDWAALS =    11393.3902  EEL     =     -329.2036  EGB        =     -203.7755
 1-4 VDW =       32.2358  1-4 EEL =      386.6300  RESTRAINT  =        0.0000


   NSTEP       ENERGY          RMS            GMAX         NAME    NUMBER
     50      -1.0089E+02     6.6990E+00     3.7982E+01     CD2        96

 BOND    =        4.1036  ANGLE   =       15.6295  DIHED      =       14.6628
 UB      =        0.0000  IMP     =        0.0000  CMAP       =       -3.1531
 VDWAALS =        3.6737  EEL     =     -328.9834  EGB        =     -206.8041
 1-4 VDW =       21.6806  1-4 EEL =      378.3006  RESTRAINT  =        0.0000


   NSTEP       ENERGY          RMS            GMAX         NAME    NUMBER
    100      -1.1923E+02     1.0914E+00     4.2684E+00     CD2        96

 BOND    =        3.0535  ANGLE   =       11.3993  DIHED      =       13.0907
 UB      =        0.0000  IMP     =        0.0000  CMAP       =       -2.8313
 VDWAALS =       -4.4137  EEL     =     -328.5685  EGB        =     -208.1482
 1-4 VDW =       19.3051  1-4 EEL =      377.8839  RESTRAINT  =        0.0000


   NSTEP       ENERGY          RMS            GMAX         NAME    NUMBER
    150      -1.2556E+02     6.2785E-01     2.5181E+00     O          79

 BOND    =        3.4722  ANGLE   =       10.2510  DIHED      =       12.2495
 UB      =        0.0000  IMP     =        0.0000  CMAP       =       -2.6725
 VDWAALS =       -7.6820  EEL     =     -328.1092  EGB        =     -209.1477
 1-4 VDW =       18.4325  1-4 EEL =      377.6471  RESTRAINT  =        0.0000


   NSTEP       ENERGY          RMS            GMAX         NAME    NUMBER
    200      -1.2894E+02     1.2817E+00     7.7676E+00     C          37

 BOND    =        3.7802  ANGLE   =        9.6681  DIHED      =       11.6321
 UB      =        0.0000  IMP     =        0.0000  CMAP       =       -2.5618
 VDWAALS =       -9.4132  EEL     =     -327.2372  EGB        =     -209.9925
 1-4 VDW =       17.9584  1-4 EEL =      377.2240  RESTRAINT  =        0.0000


   NSTEP       ENERGY          RMS            GMAX         NAME    NUMBER
    250      -1.3115E+02     3.8055E-01     1.7564E+00     O          79

 BOND    =        3.8988  ANGLE   =        9.0855  DIHED      =       11.1976
 UB      =        0.0000  IMP     =        0.0000  CMAP       =       -2.4668
 VDWAALS =      -10.4156  EEL     =     -326.3039  EGB        =     -210.6777
 1-4 VDW =       17.7063  1-4 EEL =      376.8282  RESTRAINT  =        0.0000


   NSTEP       ENERGY          RMS            GMAX         NAME    NUMBER
    300      -1.3267E+02     3.2612E-01     1.6744E+00     O          79

 BOND    =        3.9325  ANGLE   =        8.7135  DIHED      =       10.8708
 UB      =        0.0000  IMP     =        0.0000  CMAP       =       -2.3867
 VDWAALS =      -11.0822  EEL     =     -325.4274  EGB        =     -211.2935
 1-4 VDW =       17.5309  1-4 EEL =      376.4676  RESTRAINT  =        0.0000


   NSTEP       ENERGY          RMS            GMAX         NAME    NUMBER
    350      -1.3384E+02     4.6537E-01     2.4942E+00     N          29

 BOND    =        3.9267  ANGLE   =        8.3986  DIHED      =       10.6217
 UB      =        0.0000  IMP     =        0.0000  CMAP       =       -2.3195
 VDWAALS =      -11.5587  EEL     =     -324.6474  EGB        =     -211.8475
 1-4 VDW =       17.4105  1-4 EEL =      376.1786  RESTRAINT  =        0.0000


   NSTEP       ENERGY          RMS            GMAX         NAME    NUMBER
    400      -1.3474E+02     9.1620E-01     5.8737E+00     N          29

 BOND    =        3.9246  ANGLE   =        8.0713  DIHED      =       10.4279
 UB      =        0.0000  IMP     =        0.0000  CMAP       =       -2.2681
 VDWAALS =      -11.9150  EEL     =     -323.9500  EGB        =     -212.3177
 1-4 VDW =       17.3314  1-4 EEL =      375.9599  RESTRAINT  =        0.0000


   NSTEP       ENERGY          RMS            GMAX         NAME    NUMBER
    450      -1.3558E+02     3.4254E-01     1.7198E+00     C           5

 BOND    =        3.8166  ANGLE   =        7.8284  DIHED      =       10.2633
 UB      =        0.0000  IMP     =        0.0000  CMAP       =       -2.2208
 VDWAALS =      -12.2060  EEL     =     -323.4062  EGB        =     -212.7613
 1-4 VDW =       17.2810  1-4 EEL =      375.8282  RESTRAINT  =        0.0000


   NSTEP       ENERGY          RMS            GMAX         NAME    NUMBER
    500      -1.3624E+02     7.8873E-01     4.6214E+00     N          29

 BOND    =        3.7460  ANGLE   =        7.5296  DIHED      =       10.1259
 UB      =        0.0000  IMP     =        0.0000  CMAP       =       -2.1883
 VDWAALS =      -12.4454  EEL     =     -322.8874  EGB        =     -213.1127
 1-4 VDW =       17.2539  1-4 EEL =      375.7401  RESTRAINT  =        0.0000


   NSTEP       ENERGY          RMS            GMAX         NAME    NUMBER
    550      -1.3688E+02     4.6239E-01     2.8296E+00     N          29

 BOND    =        3.7496  ANGLE   =        7.2641  DIHED      =       10.0137
 UB      =        0.0000  IMP     =        0.0000  CMAP       =       -2.1568
 VDWAALS =      -12.6465  EEL     =     -322.4117  EGB        =     -213.4816
 1-4 VDW =       17.1950  1-4 EEL =      375.5988  RESTRAINT  =        0.0000


   NSTEP       ENERGY          RMS            GMAX         NAME    NUMBER
    600      -1.3743E+02     2.0627E-01     1.2258E+00     O          99

 BOND    =        3.6427  ANGLE   =        7.1127  DIHED      =        9.9134
 UB      =        0.0000  IMP     =        0.0000  CMAP       =       -2.1295
 VDWAALS =      -12.8254  EEL     =     -322.0397  EGB        =     -213.8041
 1-4 VDW =       17.1600  1-4 EEL =      375.5440  RESTRAINT  =        0.0000


   NSTEP       ENERGY          RMS            GMAX         NAME    NUMBER
    650      -1.3793E+02     1.9678E-01     1.2008E+00     O          99

 BOND    =        3.5848  ANGLE   =        6.9107  DIHED      =        9.8237
 UB      =        0.0000  IMP     =        0.0000  CMAP       =       -2.1065
 VDWAALS =      -12.9858  EEL     =     -321.6764  EGB        =     -214.0898
 1-4 VDW =       17.1274  1-4 EEL =      375.4837  RESTRAINT  =        0.0000


   NSTEP       ENERGY          RMS            GMAX         NAME    NUMBER
    700      -1.3838E+02     6.0012E-01     3.2564E+00     C          37

 BOND    =        3.4944  ANGLE   =        6.6984  DIHED      =        9.7402
 UB      =        0.0000  IMP     =        0.0000  CMAP       =       -2.0886
 VDWAALS =      -13.1374  EEL     =     -321.3292  EGB        =     -214.3311
 1-4 VDW =       17.1107  1-4 EEL =      375.4604  RESTRAINT  =        0.0000


   NSTEP       ENERGY          RMS            GMAX         NAME    NUMBER
    750      -1.3881E+02     1.9674E-01     1.1009E+00     O          99

 BOND    =        3.4968  ANGLE   =        6.5547  DIHED      =        9.6715
 UB      =        0.0000  IMP     =        0.0000  CMAP       =       -2.0674
 VDWAALS =      -13.2618  EEL     =     -321.0447  EGB        =     -214.5934
 1-4 VDW =       17.0621  1-4 EEL =      375.3710  RESTRAINT  =        0.0000


   NSTEP       ENERGY          RMS            GMAX         NAME    NUMBER
    800      -1.3920E+02     4.8306E-01     3.1475E+00     N          29

 BOND    =        3.4967  ANGLE   =        6.3962  DIHED      =        9.6048
 UB      =        0.0000  IMP     =        0.0000  CMAP       =       -2.0495
 VDWAALS =      -13.3834  EEL     =     -320.7618  EGB        =     -214.8275
 1-4 VDW =       17.0237  1-4 EEL =      375.3015  RESTRAINT  =        0.0000


   NSTEP       ENERGY          RMS            GMAX         NAME    NUMBER
    850      -1.3955E+02     7.0349E-01     4.7204E+00     N          29

 BOND    =        3.4908  ANGLE   =        6.2435  DIHED      =        9.5434
 UB      =        0.0000  IMP     =        0.0000  CMAP       =       -2.0341
 VDWAALS =      -13.4969  EEL     =     -320.5001  EGB        =     -215.0340
 1-4 VDW =       16.9907  1-4 EEL =      375.2426  RESTRAINT  =        0.0000


   NSTEP       ENERGY          RMS            GMAX         NAME    NUMBER
    900      -1.3992E+02     4.3787E-01     2.7803E+00     C          27

 BOND    =        3.3004  ANGLE   =        6.1623  DIHED      =        9.4836
 UB      =        0.0000  IMP     =        0.0000  CMAP       =       -2.0232
 VDWAALS =      -13.6145  EEL     =     -320.2675  EGB        =     -215.2066
 1-4 VDW =       16.9816  1-4 EEL =      375.2677  RESTRAINT  =        0.0000


   NSTEP       ENERGY          RMS            GMAX         NAME    NUMBER
    950      -1.4024E+02     1.8787E-01     9.4869E-01     O          99

 BOND    =        3.3221  ANGLE   =        5.9991  DIHED      =        9.4320
 UB      =        0.0000  IMP     =        0.0000  CMAP       =       -2.0114
 VDWAALS =      -13.7103  EEL     =     -320.0402  EGB        =     -215.3762
 1-4 VDW =       16.9473  1-4 EEL =      375.1932  RESTRAINT  =        0.0000


   NSTEP       ENERGY          RMS            GMAX         NAME    NUMBER
   1000      -1.4054E+02     2.2437E-01     1.1719E+00     N          29

 BOND    =        3.2889  ANGLE   =        5.8669  DIHED      =        9.3833
 UB      =        0.0000  IMP     =        0.0000  CMAP       =       -2.0033
 VDWAALS =      -13.8046  EEL     =     -319.8285  EGB        =     -215.5213
 1-4 VDW =       16.9245  1-4 EEL =      375.1528  RESTRAINT  =        0.0000


   NSTEP       ENERGY          RMS            GMAX         NAME    NUMBER
   1050      -1.4082E+02     5.2120E-01     3.4475E+00     N          29

 BOND    =        3.3118  ANGLE   =        5.7710  DIHED      =        9.3366
 UB      =        0.0000  IMP     =        0.0000  CMAP       =       -1.9941
 VDWAALS =      -13.8942  EEL     =     -319.6355  EGB        =     -215.6851
 1-4 VDW =       16.8882  1-4 EEL =      375.0824  RESTRAINT  =        0.0000


   NSTEP       ENERGY          RMS            GMAX         NAME    NUMBER
   1100      -1.4110E+02     2.2625E-01     1.2838E+00     C          27

 BOND    =        3.1705  ANGLE   =        5.7168  DIHED      =        9.2918
 UB      =        0.0000  IMP     =        0.0000  CMAP       =       -1.9914
 VDWAALS =      -13.9881  EEL     =     -319.4487  EGB        =     -215.8147
 1-4 VDW =       16.8754  1-4 EEL =      375.0874  RESTRAINT  =        0.0000


   NSTEP       ENERGY          RMS            GMAX         NAME    NUMBER
   1150      -1.4134E+02     4.3271E-01     2.6671E+00     C          27

 BOND    =        3.1193  ANGLE   =        5.6982  DIHED      =        9.2511
 UB      =        0.0000  IMP     =        0.0000  CMAP       =       -1.9877
 VDWAALS =      -14.0712  EEL     =     -319.2876  EGB        =     -215.9629
 1-4 VDW =       16.8462  1-4 EEL =      375.0502  RESTRAINT  =        0.0000


   NSTEP       ENERGY          RMS            GMAX         NAME    NUMBER
   1200      -1.4159E+02     1.3580E-01     7.9636E-01     O          99

 BOND    =        3.1429  ANGLE   =        5.5331  DIHED      =        9.2146
 UB      =        0.0000  IMP     =        0.0000  CMAP       =       -1.9909
 VDWAALS =      -14.1421  EEL     =     -319.1058  EGB        =     -216.0504
 1-4 VDW =       16.8273  1-4 EEL =      374.9850  RESTRAINT  =        0.0000


   NSTEP       ENERGY          RMS            GMAX         NAME    NUMBER
   1250      -1.4181E+02     4.4230E-01     2.4794E+00     N          39

 BOND    =        3.1717  ANGLE   =        5.4712  DIHED      =        9.1788
 UB      =        0.0000  IMP     =        0.0000  CMAP       =       -1.9925
 VDWAALS =      -14.2133  EEL     =     -318.9487  EGB        =     -216.1791
 1-4 VDW =       16.7946  1-4 EEL =      374.9110  RESTRAINT  =        0.0000


   NSTEP       ENERGY          RMS            GMAX         NAME    NUMBER
   1300      -1.4202E+02     1.3503E-01     7.6224E-01     O          99

 BOND    =        3.0740  ANGLE   =        5.4056  DIHED      =        9.1457
 UB      =        0.0000  IMP     =        0.0000  CMAP       =       -2.0013
 VDWAALS =      -14.2854  EEL     =     -318.7845  EGB        =     -216.2640
 1-4 VDW =       16.7863  1-4 EEL =      374.8993  RESTRAINT  =        0.0000


   NSTEP       ENERGY          RMS            GMAX         NAME    NUMBER
   1350      -1.4223E+02     3.6361E-01     2.0096E+00     C          37

 BOND    =        3.0168  ANGLE   =        5.3322  DIHED      =        9.1135
 UB      =        0.0000  IMP     =        0.0000  CMAP       =       -2.0120
 VDWAALS =      -14.3554  EEL     =     -318.6178  EGB        =     -216.3494
 1-4 VDW =       16.7752  1-4 EEL =      374.8718  RESTRAINT  =        0.0000


   NSTEP       ENERGY          RMS            GMAX         NAME    NUMBER
   1400      -1.4242E+02     1.4718E-01     7.0944E-01     N          29

 BOND    =        3.0498  ANGLE   =        5.2680  DIHED      =        9.0845
 UB      =        0.0000  IMP     =        0.0000  CMAP       =       -2.0176
 VDWAALS =      -14.4142  EEL     =     -318.4798  EGB        =     -216.4550
 1-4 VDW =       16.7481  1-4 EEL =      374.7954  RESTRAINT  =        0.0000


   NSTEP       ENERGY          RMS            GMAX         NAME    NUMBER
   1450      -1.4259E+02     2.7780E-01     1.7990E+00     N          29

 BOND    =        3.0537  ANGLE   =        5.1872  DIHED      =        9.0577
 UB      =        0.0000  IMP     =        0.0000  CMAP       =       -2.0229
 VDWAALS =      -14.4719  EEL     =     -318.3431  EGB        =     -216.5341
 1-4 VDW =       16.7349  1-4 EEL =      374.7480  RESTRAINT  =        0.0000


   NSTEP       ENERGY          RMS            GMAX         NAME    NUMBER
   1500      -1.4275E+02     4.1735E-01     2.4276E+00     N          29

 BOND    =        3.0521  ANGLE   =        5.0903  DIHED      =        9.0323
 UB      =        0.0000  IMP     =        0.0000  CMAP       =       -2.0261
 VDWAALS =      -14.5292  EEL     =     -318.2114  EGB        =     -216.5988
 1-4 VDW =       16.7291  1-4 EEL =      374.7127  RESTRAINT  =        0.0000


   NSTEP       ENERGY          RMS            GMAX         NAME    NUMBER
   1550      -1.4290E+02     2.3751E-01     1.4789E+00     C          27

 BOND    =        2.9336  ANGLE   =        5.1612  DIHED      =        9.0089
 UB      =        0.0000  IMP     =        0.0000  CMAP       =       -2.0215
 VDWAALS =      -14.5895  EEL     =     -318.1225  EGB        =     -216.7125
 1-4 VDW =       16.7173  1-4 EEL =      374.7250  RESTRAINT  =        0.0000


   NSTEP       ENERGY          RMS            GMAX         NAME    NUMBER
   1600      -1.4303E+02     1.0918E-01     4.3377E-01     N          29

 BOND    =        2.9592  ANGLE   =        5.0806  DIHED      =        8.9890
 UB      =        0.0000  IMP     =        0.0000  CMAP       =       -2.0160
 VDWAALS =      -14.6365  EEL     =     -318.0318  EGB        =     -216.7736
 1-4 VDW =       16.7098  1-4 EEL =      374.6872  RESTRAINT  =        0.0000


   NSTEP       ENERGY          RMS            GMAX         NAME    NUMBER
   1650      -1.4315E+02     1.5002E-01     8.1716E-01     N          29

 BOND    =        2.9514  ANGLE   =        5.0360  DIHED      =        8.9706
 UB      =        0.0000  IMP     =        0.0000  CMAP       =       -2.0075
 VDWAALS =      -14.6837  EEL     =     -317.9556  EGB        =     -216.8373
 1-4 VDW =       16.7051  1-4 EEL =      374.6714  RESTRAINT  =        0.0000


   NSTEP       ENERGY          RMS            GMAX         NAME    NUMBER
   1700      -1.4325E+02     3.0221E-01     1.7902E+00     N          29

 BOND    =        2.9640  ANGLE   =        4.9957  DIHED      =        8.9546
 UB      =        0.0000  IMP     =        0.0000  CMAP       =       -1.9966
 VDWAALS =      -14.7255  EEL     =     -317.8972  EGB        =     -216.8960
 1-4 VDW =       16.6992  1-4 EEL =      374.6530  RESTRAINT  =        0.0000


   NSTEP       ENERGY          RMS            GMAX         NAME    NUMBER
   1750      -1.4335E+02     1.2812E-01     6.8514E-01     C          27

 BOND    =        2.8729  ANGLE   =        4.9937  DIHED      =        8.9398
 UB      =        0.0000  IMP     =        0.0000  CMAP       =       -1.9866
 VDWAALS =      -14.7708  EEL     =     -317.8382  EGB        =     -216.9471
 1-4 VDW =       16.7040  1-4 EEL =      374.6861  RESTRAINT  =        0.0000


   NSTEP       ENERGY          RMS            GMAX         NAME    NUMBER
   1800      -1.4343E+02     8.3372E-02     3.0109E-01     HD2        97

 BOND    =        2.8796  ANGLE   =        4.9454  DIHED      =        8.9264
 UB      =        0.0000  IMP     =        0.0000  CMAP       =       -1.9740
 VDWAALS =      -14.8085  EEL     =     -317.7949  EGB        =     -216.9880
 1-4 VDW =       16.7023  1-4 EEL =      374.6784  RESTRAINT  =        0.0000


   NSTEP       ENERGY          RMS            GMAX         NAME    NUMBER
   1850      -1.4351E+02     7.6084E-02     2.8997E-01     HD2        97

 BOND    =        2.8607  ANGLE   =        4.9206  DIHED      =        8.9144
 UB      =        0.0000  IMP     =        0.0000  CMAP       =       -1.9613
 VDWAALS =      -14.8448  EEL     =     -317.7597  EGB        =     -217.0278
 1-4 VDW =       16.7020  1-4 EEL =      374.6851  RESTRAINT  =        0.0000


   NSTEP       ENERGY          RMS            GMAX         NAME    NUMBER
   1900      -1.4358E+02     2.3326E-01     1.3435E+00     N          39

 BOND    =        2.8763  ANGLE   =        4.9044  DIHED      =        8.9028
 UB      =        0.0000  IMP     =        0.0000  CMAP       =       -1.9460
 VDWAALS =      -14.8785  EEL     =     -317.7399  EGB        =     -217.0742
 1-4 VDW =       16.6959  1-4 EEL =      374.6766  RESTRAINT  =        0.0000


   NSTEP       ENERGY          RMS            GMAX         NAME    NUMBER
   1950      -1.4365E+02     7.4270E-02     2.7057E-01     HD2        97

 BOND    =        2.8204  ANGLE   =        4.8840  DIHED      =        8.8928
 UB      =        0.0000  IMP     =        0.0000  CMAP       =       -1.9351
 VDWAALS =      -14.9120  EEL     =     -317.7075  EGB        =     -217.0979
 1-4 VDW =       16.7016  1-4 EEL =      374.7048  RESTRAINT  =        0.0000


   NSTEP       ENERGY          RMS            GMAX         NAME    NUMBER
   2000      -1.4371E+02     2.0427E-01     1.0811E+00     C          27

 BOND    =        2.7775  ANGLE   =        4.8709  DIHED      =        8.8830
 UB      =        0.0000  IMP     =        0.0000  CMAP       =       -1.9232
 VDWAALS =      -14.9444  EEL     =     -317.6826  EGB        =     -217.1238
 1-4 VDW =       16.7049  1-4 EEL =      374.7287  RESTRAINT  =        0.0000


   NSTEP       ENERGY          RMS            GMAX         NAME    NUMBER
   2050      -1.4475E+02     2.5257E-01     1.1270E+00     HD2        97

 BOND    =        2.4685  ANGLE   =        4.5283  DIHED      =        8.7095
 UB      =        0.0000  IMP     =        0.0000  CMAP       =       -1.5032
 VDWAALS =      -15.5992  EEL     =     -317.6830  EGB        =     -217.4432
 1-4 VDW =       16.7233  1-4 EEL =      375.0456  RESTRAINT  =        0.0000


   NSTEP       ENERGY          RMS            GMAX         NAME    NUMBER
   2100      -1.4484E+02     1.0510E-01     5.4747E-01     HD1        89

 BOND    =        2.5097  ANGLE   =        4.5132  DIHED      =        8.6881
 UB      =        0.0000  IMP     =        0.0000  CMAP       =       -1.5260
 VDWAALS =      -15.5710  EEL     =     -317.6475  EGB        =     -217.3849
 1-4 VDW =       16.6739  1-4 EEL =      374.9062  RESTRAINT  =        0.0000


   NSTEP       ENERGY          RMS            GMAX         NAME    NUMBER
   2150      -1.4489E+02     1.1470E-01     5.6023E-01     HD1        89

 BOND    =        2.5173  ANGLE   =        4.5048  DIHED      =        8.6752
 UB      =        0.0000  IMP     =        0.0000  CMAP       =       -1.5411
 VDWAALS =      -15.5621  EEL     =     -317.6779  EGB        =     -217.3100
 1-4 VDW =       16.6616  1-4 EEL =      374.8434  RESTRAINT  =        0.0000


   NSTEP       ENERGY          RMS            GMAX         NAME    NUMBER
   2200      -1.4492E+02     7.7090E-02     4.4290E-01     HD1        89

 BOND    =        2.5263  ANGLE   =        4.5054  DIHED      =        8.6691
 UB      =        0.0000  IMP     =        0.0000  CMAP       =       -1.5472
 VDWAALS =      -15.5627  EEL     =     -317.6949  EGB        =     -217.2612
 1-4 VDW =       16.6524  1-4 EEL =      374.7889  RESTRAINT  =        0.0000


   NSTEP       ENERGY          RMS            GMAX         NAME    NUMBER
   2250      -1.4495E+02     1.5925E-01     1.1939E+00     C          27

 BOND    =        2.5381  ANGLE   =        4.5048  DIHED      =        8.6648
 UB      =        0.0000  IMP     =        0.0000  CMAP       =       -1.5515
 VDWAALS =      -15.5653  EEL     =     -317.7326  EGB        =     -217.2051
 1-4 VDW =       16.6496  1-4 EEL =      374.7446  RESTRAINT  =        0.0000


   NSTEP       ENERGY          RMS            GMAX         NAME    NUMBER
   2300      -1.4498E+02     8.1367E-02     5.0897E-01     HZ         93

 BOND    =        2.5202  ANGLE   =        4.5154  DIHED      =        8.6638
 UB      =        0.0000  IMP     =        0.0000  CMAP       =       -1.5565
 VDWAALS =      -15.5679  EEL     =     -317.7559  EGB        =     -217.1672
 1-4 VDW =       16.6465  1-4 EEL =      374.7237  RESTRAINT  =        0.0000


   NSTEP       ENERGY          RMS            GMAX         NAME    NUMBER
   2350      -1.4500E+02     1.0157E-01     4.9274E-01     CB         84

 BOND    =        2.5305  ANGLE   =        4.5113  DIHED      =        8.6621
 UB      =        0.0000  IMP     =        0.0000  CMAP       =       -1.5589
 VDWAALS =      -15.5696  EEL     =     -317.7966  EGB        =     -217.1155
 1-4 VDW =       16.6400  1-4 EEL =      374.6977  RESTRAINT  =        0.0000


   NSTEP       ENERGY          RMS            GMAX         NAME    NUMBER
   2400      -1.4502E+02     2.8266E-02     1.7095E-01     HE2        95

 BOND    =        2.5307  ANGLE   =        4.5127  DIHED      =        8.6613
 UB      =        0.0000  IMP     =        0.0000  CMAP       =       -1.5618
 VDWAALS =      -15.5716  EEL     =     -317.8411  EGB        =     -217.0660
 1-4 VDW =       16.6315  1-4 EEL =      374.6849  RESTRAINT  =        0.0000


   NSTEP       ENERGY          RMS            GMAX         NAME    NUMBER
   2450      -1.4504E+02     5.3616E-02     1.9145E-01     H         101

 BOND    =        2.5358  ANGLE   =        4.5067  DIHED      =        8.6606
 UB      =        0.0000  IMP     =        0.0000  CMAP       =       -1.5656
 VDWAALS =      -15.5731  EEL     =     -317.9131  EGB        =     -216.9856
 1-4 VDW =       16.6240  1-4 EEL =      374.6656  RESTRAINT  =        0.0000


   NSTEP       ENERGY          RMS            GMAX         NAME    NUMBER
   2500      -1.4506E+02     3.4942E-02     1.3862E-01     HE2        95

 BOND    =        2.5317  ANGLE   =        4.5077  DIHED      =        8.6610
 UB      =        0.0000  IMP     =        0.0000  CMAP       =       -1.5683
 VDWAALS =      -15.5724  EEL     =     -317.9615  EGB        =     -216.9368
 1-4 VDW =       16.6237  1-4 EEL =      374.6567  RESTRAINT  =        0.0000


   NSTEP       ENERGY          RMS            GMAX         NAME    NUMBER
   2550      -1.4507E+02     2.3516E-02     1.1760E-01     HE2        95

 BOND    =        2.5290  ANGLE   =        4.5075  DIHED      =        8.6610
 UB      =        0.0000  IMP     =        0.0000  CMAP       =       -1.5714
 VDWAALS =      -15.5719  EEL     =     -318.0238  EGB        =     -216.8739
 1-4 VDW =       16.6220  1-4 EEL =      374.6483  RESTRAINT  =        0.0000


   NSTEP       ENERGY          RMS            GMAX         NAME    NUMBER
   2600      -1.4509E+02     3.0409E-02     1.1532E-01     C          37

 BOND    =        2.5331  ANGLE   =        4.5012  DIHED      =        8.6619
 UB      =        0.0000  IMP     =        0.0000  CMAP       =       -1.5768
 VDWAALS =      -15.5699  EEL     =     -318.1204  EGB        =     -216.7758
 1-4 VDW =       16.6158  1-4 EEL =      374.6370  RESTRAINT  =        0.0000


   NSTEP       ENERGY          RMS            GMAX         NAME    NUMBER
   2650      -1.4511E+02     3.4128E-02     1.6758E-01     CH3         2

 BOND    =        2.5296  ANGLE   =        4.5017  DIHED      =        8.6636
 UB      =        0.0000  IMP     =        0.0000  CMAP       =       -1.5817
 VDWAALS =      -15.5679  EEL     =     -318.2011  EGB        =     -216.6987
 1-4 VDW =       16.6162  1-4 EEL =      374.6311  RESTRAINT  =        0.0000


   NSTEP       ENERGY          RMS            GMAX         NAME    NUMBER
   2700      -1.4512E+02     2.9296E-02     1.2626E-01     CD1        88

 BOND    =        2.5188  ANGLE   =        4.5056  DIHED      =        8.6638
 UB      =        0.0000  IMP     =        0.0000  CMAP       =       -1.5865
 VDWAALS =      -15.5644  EEL     =     -318.2737  EGB        =     -216.6280
 1-4 VDW =       16.6215  1-4 EEL =      374.6245  RESTRAINT  =        0.0000


   NSTEP       ENERGY          RMS            GMAX         NAME    NUMBER
   2750      -1.4513E+02     1.5185E-02     6.4762E-02     HE2        95

 BOND    =        2.5258  ANGLE   =        4.4991  DIHED      =        8.6647
 UB      =        0.0000  IMP     =        0.0000  CMAP       =       -1.5907
 VDWAALS =      -15.5622  EEL     =     -318.3367  EGB        =     -216.5695
 1-4 VDW =       16.6173  1-4 EEL =      374.6254  RESTRAINT  =        0.0000


   NSTEP       ENERGY          RMS            GMAX         NAME    NUMBER
   2800      -1.4514E+02     4.8522E-02     2.3793E-01     CG         87

 BOND    =        2.5339  ANGLE   =        4.4945  DIHED      =        8.6659
 UB      =        0.0000  IMP     =        0.0000  CMAP       =       -1.5970
 VDWAALS =      -15.5591  EEL     =     -318.4132  EGB        =     -216.4936
 1-4 VDW =       16.6112  1-4 EEL =      374.6206  RESTRAINT  =        0.0000


   NSTEP       ENERGY          RMS            GMAX         NAME    NUMBER
   2850      -1.4514E+02     3.2567E-02     1.2620E-01     CE1        90

 BOND    =        2.5288  ANGLE   =        4.4974  DIHED      =        8.6664
 UB      =        0.0000  IMP     =        0.0000  CMAP       =       -1.6018
 VDWAALS =      -15.5559  EEL     =     -318.4717  EGB        =     -216.4399
 1-4 VDW =       16.6129  1-4 EEL =      374.6204  RESTRAINT  =        0.0000


   NSTEP       ENERGY          RMS            GMAX         NAME    NUMBER
   2900      -1.4515E+02     3.1884E-02     1.3765E-01     CZ         92

 BOND    =        2.5345  ANGLE   =        4.4945  DIHED      =        8.6668
 UB      =        0.0000  IMP     =        0.0000  CMAP       =       -1.6063
 VDWAALS =      -15.5535  EEL     =     -318.5256  EGB        =     -216.3865
 1-4 VDW =       16.6117  1-4 EEL =      374.6150  RESTRAINT  =        0.0000


   NSTEP       ENERGY          RMS            GMAX         NAME    NUMBER
   2950      -1.4516E+02     1.5107E-02     6.9313E-02     HD2        97

 BOND    =        2.5290  ANGLE   =        4.4937  DIHED      =        8.6674
 UB      =        0.0000  IMP     =        0.0000  CMAP       =       -1.6106
 VDWAALS =      -15.5515  EEL     =     -318.5811  EGB        =     -216.3369
 1-4 VDW =       16.6164  1-4 EEL =      374.6183  RESTRAINT  =        0.0000


   NSTEP       ENERGY          RMS            GMAX         NAME    NUMBER
   3000      -1.4516E+02     1.5426E-02     5.6850E-02     CZ         92

 BOND    =        2.5269  ANGLE   =        4.4925  DIHED      =        8.6683
 UB      =        0.0000  IMP     =        0.0000  CMAP       =       -1.6176
 VDWAALS =      -15.5479  EEL     =     -318.6606  EGB        =     -216.2642
 1-4 VDW =       16.6183  1-4 EEL =      374.6209  RESTRAINT  =        0.0000


   NSTEP       ENERGY          RMS            GMAX         NAME    NUMBER
   3050      -1.4517E+02     1.7138E-02     6.8410E-02     CH3       102

 BOND    =        2.5266  ANGLE   =        4.4892  DIHED      =        8.6690
 UB      =        0.0000  IMP     =        0.0000  CMAP       =       -1.6279
 VDWAALS =      -15.5426  EEL     =     -318.7671  EGB        =     -216.1629
 1-4 VDW =       16.6209  1-4 EEL =      374.6210  RESTRAINT  =        0.0000


   NSTEP       ENERGY          RMS            GMAX         NAME    NUMBER
   3100      -1.4518E+02     2.4644E-02     1.1126E-01     CD2        96

 BOND    =        2.5279  ANGLE   =        4.4874  DIHED      =        8.6694
 UB      =        0.0000  IMP     =        0.0000  CMAP       =       -1.6343
 VDWAALS =      -15.5402  EEL     =     -318.8340  EGB        =     -216.0967
 1-4 VDW =       16.6219  1-4 EEL =      374.6186  RESTRAINT  =        0.0000


   NSTEP       ENERGY          RMS            GMAX         NAME    NUMBER
   3150      -1.4519E+02     1.9530E-02     9.5231E-02     CD2        96

 BOND    =        2.5258  ANGLE   =        4.4886  DIHED      =        8.6702
 UB      =        0.0000  IMP     =        0.0000  CMAP       =       -1.6408
 VDWAALS =      -15.5369  EEL     =     -318.8994  EGB        =     -216.0420
 1-4 VDW =       16.6245  1-4 EEL =      374.6244  RESTRAINT  =        0.0000


   NSTEP       ENERGY          RMS            GMAX         NAME    NUMBER
   3200      -1.4519E+02     1.9068E-02     6.7584E-02     CG         87

 BOND    =        2.5278  ANGLE   =        4.4866  DIHED      =        8.6703
 UB      =        0.0000  IMP     =        0.0000  CMAP       =       -1.6500
 VDWAALS =      -15.5329  EEL     =     -318.9903  EGB        =     -215.9508
 1-4 VDW =       16.6264  1-4 EEL =      374.6190  RESTRAINT  =        0.0000


   NSTEP       ENERGY          RMS            GMAX         NAME    NUMBER
   3250      -1.4520E+02     1.4397E-02     4.1497E-02     C          37

 BOND    =        2.5280  ANGLE   =        4.4877  DIHED      =        8.6710
 UB      =        0.0000  IMP     =        0.0000  CMAP       =       -1.6625
 VDWAALS =      -15.5276  EEL     =     -319.1066  EGB        =     -215.8442
 1-4 VDW =       16.6288  1-4 EEL =      374.6216  RESTRAINT  =        0.0000


   NSTEP       ENERGY          RMS            GMAX         NAME    NUMBER
   3300      -1.4522E+02     1.9767E-02     8.6508E-02     HB2        85

 BOND    =        2.5263  ANGLE   =        4.4877  DIHED      =        8.6717
 UB      =        0.0000  IMP     =        0.0000  CMAP       =       -1.6782
 VDWAALS =      -15.5207  EEL     =     -319.2471  EGB        =     -215.7103
 1-4 VDW =       16.6360  1-4 EEL =      374.6191  RESTRAINT  =        0.0000


   NSTEP       ENERGY          RMS            GMAX         NAME    NUMBER
   3350      -1.4522E+02     1.7609E-02     6.5317E-02     HB2        85

 BOND    =        2.5291  ANGLE   =        4.4836  DIHED      =        8.6717
 UB      =        0.0000  IMP     =        0.0000  CMAP       =       -1.6850
 VDWAALS =      -15.5184  EEL     =     -319.3040  EGB        =     -215.6544
 1-4 VDW =       16.6367  1-4 EEL =      374.6204  RESTRAINT  =        0.0000


   NSTEP       ENERGY          RMS            GMAX         NAME    NUMBER
   3400      -1.4522E+02     1.8682E-02     8.0668E-02     HB2        85

 BOND    =        2.5286  ANGLE   =        4.4848  DIHED      =        8.6715
 UB      =        0.0000  IMP     =        0.0000  CMAP       =       -1.6897
 VDWAALS =      -15.5163  EEL     =     -319.3469  EGB        =     -215.6143
 1-4 VDW =       16.6389  1-4 EEL =      374.6196  RESTRAINT  =        0.0000


   NSTEP       ENERGY          RMS            GMAX         NAME    NUMBER
   3450      -1.4523E+02     1.0629E-01     5.3232E-01     CB         84

 BOND    =        2.5235  ANGLE   =        4.4865  DIHED      =        8.6709
 UB      =        0.0000  IMP     =        0.0000  CMAP       =       -1.6970
 VDWAALS =      -15.5131  EEL     =     -319.4143  EGB        =     -215.5507
 1-4 VDW =       16.6435  1-4 EEL =      374.6225  RESTRAINT  =        0.0000


   NSTEP       ENERGY          RMS            GMAX         NAME    NUMBER
   3500      -1.4523E+02     3.3629E-02     1.3469E-01     CG         87

 BOND    =        2.5315  ANGLE   =        4.4832  DIHED      =        8.6714
 UB      =        0.0000  IMP     =        0.0000  CMAP       =       -1.7024
 VDWAALS =      -15.5107  EEL     =     -319.4568  EGB        =     -215.5080
 1-4 VDW =       16.6415  1-4 EEL =      374.6176  RESTRAINT  =        0.0000


   NSTEP       ENERGY          RMS            GMAX         NAME    NUMBER
   3550      -1.4524E+02     4.6193E-02     1.7183E-01     CE2        94

 BOND    =        2.5370  ANGLE   =        4.4805  DIHED      =        8.6716
 UB      =        0.0000  IMP     =        0.0000  CMAP       =       -1.7082
 VDWAALS =      -15.5086  EEL     =     -319.5028  EGB        =     -215.4595
 1-4 VDW =       16.6424  1-4 EEL =      374.6110  RESTRAINT  =        0.0000


   NSTEP       ENERGY          RMS            GMAX         NAME    NUMBER
   3600      -1.4524E+02     5.4242E-02     2.2603E-01     N         100

 BOND    =        2.5357  ANGLE   =        4.4833  DIHED      =        8.6716
 UB      =        0.0000  IMP     =        0.0000  CMAP       =       -1.7173
 VDWAALS =      -15.5055  EEL     =     -319.5698  EGB        =     -215.3898
 1-4 VDW =       16.6479  1-4 EEL =      374.6020  RESTRAINT  =        0.0000


   NSTEP       ENERGY          RMS            GMAX         NAME    NUMBER
   3650      -1.4525E+02     4.5265E-02     1.9361E-01     HB2        85

 BOND    =        2.5299  ANGLE   =        4.4830  DIHED      =        8.6718
 UB      =        0.0000  IMP     =        0.0000  CMAP       =       -1.7243
 VDWAALS =      -15.5034  EEL     =     -319.6349  EGB        =     -215.3280
 1-4 VDW =       16.6521  1-4 EEL =      374.6067  RESTRAINT  =        0.0000


   NSTEP       ENERGY          RMS            GMAX         NAME    NUMBER
   3700      -1.4525E+02     4.1734E-02     1.7100E-01     HB2        85

 BOND    =        2.5365  ANGLE   =        4.4794  DIHED      =        8.6718
 UB      =        0.0000  IMP     =        0.0000  CMAP       =       -1.7311
 VDWAALS =      -15.5004  EEL     =     -319.6955  EGB        =     -215.2716
 1-4 VDW =       16.6521  1-4 EEL =      374.6070  RESTRAINT  =        0.0000


   NSTEP       ENERGY          RMS            GMAX         NAME    NUMBER
   3750      -1.4526E+02     1.2533E-01     8.6630E-01     CD2        96

 BOND    =        2.5440  ANGLE   =        4.4764  DIHED      =        8.6704
 UB      =        0.0000  IMP     =        0.0000  CMAP       =       -1.7467
 VDWAALS =      -15.4932  EEL     =     -319.8173  EGB        =     -215.1364
 1-4 VDW =       16.6630  1-4 EEL =      374.5817  RESTRAINT  =        0.0000


   NSTEP       ENERGY          RMS            GMAX         NAME    NUMBER
   3800      -1.4527E+02     1.0144E-01     3.8419E-01     CH3       102

 BOND    =        2.5321  ANGLE   =        4.4808  DIHED      =        8.6703
 UB      =        0.0000  IMP     =        0.0000  CMAP       =       -1.7599
 VDWAALS =      -15.4886  EEL     =     -319.9751  EGB        =     -215.0107
 1-4 VDW =       16.6644  1-4 EEL =      374.6160  RESTRAINT  =        0.0000


   NSTEP       ENERGY          RMS            GMAX         NAME    NUMBER
   3850      -1.4528E+02     5.1830E-02     2.4797E-01     CD1        88

 BOND    =        2.5369  ANGLE   =        4.4794  DIHED      =        8.6709
 UB      =        0.0000  IMP     =        0.0000  CMAP       =       -1.7707
 VDWAALS =      -15.4840  EEL     =     -320.0594  EGB        =     -214.9277
 1-4 VDW =       16.6651  1-4 EEL =      374.6114  RESTRAINT  =        0.0000


   NSTEP       ENERGY          RMS            GMAX         NAME    NUMBER
   3900      -1.4529E+02     7.2495E-02     3.5035E-01     CE1        90

 BOND    =        2.5260  ANGLE   =        4.4790  DIHED      =        8.6704
 UB      =        0.0000  IMP     =        0.0000  CMAP       =       -1.7816
 VDWAALS =      -15.4791  EEL     =     -320.1592  EGB        =     -214.8293
 1-4 VDW =       16.6741  1-4 EEL =      374.6145  RESTRAINT  =        0.0000


   NSTEP       ENERGY          RMS            GMAX         NAME    NUMBER
   3950      -1.4530E+02     1.1457E-01     5.6056E-01     C          59

 BOND    =        2.5554  ANGLE   =        4.4916  DIHED      =        8.6683
 UB      =        0.0000  IMP     =        0.0000  CMAP       =       -1.8018
 VDWAALS =      -15.4727  EEL     =     -320.3252  EGB        =     -214.6526
 1-4 VDW =       16.6671  1-4 EEL =      374.5731  RESTRAINT  =        0.0000


   NSTEP       ENERGY          RMS            GMAX         NAME    NUMBER
   4000      -1.4531E+02     1.3233E-01     6.3077E-01     C          59

 BOND    =        2.5477  ANGLE   =        4.4761  DIHED      =        8.6674
 UB      =        0.0000  IMP     =        0.0000  CMAP       =       -1.8227
 VDWAALS =      -15.4619  EEL     =     -320.5393  EGB        =     -214.4599
 1-4 VDW =       16.6823  1-4 EEL =      374.5993  RESTRAINT  =        0.0000


  Maximum number of minimization cycles reached.


                    FINAL RESULTS



   NSTEP       ENERGY          RMS            GMAX         NAME    NUMBER
   4000      -1.4531E+02     1.3233E-01     6.3077E-01     C          59

 BOND    =        2.5477  ANGLE   =        4.4761  DIHED      =        8.6674
 UB      =        0.0000  IMP     =        0.0000  CMAP       =       -1.8227
 VDWAALS =      -15.4619  EEL     =     -320.5393  EGB        =     -214.4599
 1-4 VDW =       16.6823  1-4 EEL =      374.5993  RESTRAINT  =        0.0000
--------------------------------------------------------------------------------
   5.  TIMINGS
--------------------------------------------------------------------------------

|  NonSetup CPU Time in Major Routines:
|
|     Routine           Sec        %
|     ------------------------------
|     Nonbond           1.92   88.23
|     Bond              0.01    0.32
|     Angle             0.04    1.86
|     Dihedral          0.20    9.12
|     Shake             0.00    0.00
|     Other             0.01    0.48
|     ------------------------------
|     Total             2.17

|  Generalized Born CPU Time:
|
|     Routine                 Sec        %
|     ------------------------------------
|     Radii Calc              0.52   23.81
|     Diagonal Calc           0.89   41.02
|     Off Diagonal Calc       0.49   22.38
|     GBSA LCPO Calc          0.00    0.10
|     ---------------------------------
|     Total                   1.90   87.21

|  Setup CPU time:            0.01 seconds
|  NonSetup CPU time:         2.17 seconds
|  Total CPU time:            2.18 seconds     0.00 hours

|  Setup wall time:           0    seconds
|  NonSetup wall time:        2    seconds
|  Total wall time:           2    seconds     0.00 hours
