
          -------------------------------------------------------
          Amber 20 PMEMD                              2020
          -------------------------------------------------------

| PMEMD implementation of SANDER, Release 18

|  Compiled date/time: Wed Oct  6 11:16:13 2021
| Run on 10/15/2021 at 03:34:40

|   Executable path: pmemd
| Working directory: /home/amax/all-md/5/300
|          Hostname: Unknown
  [-O]verwriting output

File Assignments:
|   MDIN: min.in                                                                
|  MDOUT: min.out                                                               
| INPCRD: pep.crd                                                               
|   PARM: pep.top                                                               
| RESTRT: min.rst                                                               
|   REFC: pep.crd                                                               
|  MDVEL: mdvel                                                                 
|   MDEN: mden                                                                  
|  MDCRD: mdcrd                                                                 
| MDINFO: mdinfo                                                                
|  MDFRC: mdfrc                                                                 


 Here is the input file:

Minimisation                                                                   
&cntrl                                                                         
imin=1,                                                                        
maxcyc=4000,                                                                   
ncyc=2000,                                                                     
ntb=0,                                                                         
cut=999,                                                                       
igb=8,                                                                         
/                                                                              


Note: ig = -1. Setting random seed to    11919 based on wallclock time in 
      microseconds.
| irandom = 1, using AMBER's internal random number generator (default).
 
| Conditional Compilation Defines Used:
| PUBFFT
| BINTRAJ
| EMIL

| New format PARM file being parsed.
| Version =    1.000 Date = 10/15/21 Time = 03:34:40

| Note: 1-4 EEL scale factors are being read from the topology file.

| Note: 1-4 VDW scale factors are being read from the topology file.
| INFO:    Reading atomic numbers from topology file.
| Duplicated    0 dihedrals

| Duplicated    0 dihedrals

--------------------------------------------------------------------------------
   1.  RESOURCE   USE: 
--------------------------------------------------------------------------------

 NATOM  =     153 NTYPES =       9 NBONH =      85 MBONA  =      68
 NTHETH =     194 MTHETA =      88 NPHIH =     343 MPHIA  =     255
 NHPARM =       0 NPARM  =       0 NNB   =     838 NRES   =      10
 NBONA  =      68 NTHETA =      88 NPHIA =     255 NUMBND =      26
 NUMANG =      57 NPTRA  =      47 NATYP =      15 NPHB   =       0
 IFBOX  =       0 NMXRS  =      22 IFCAP =       0 NEXTRA =       0
 NCOPY  =       0

 Implicit solvent radii are ArgH and AspGluO modified Bondi2 radii (mbondi3)                                
 Replacing prmtop screening parameters with GBn2 (igb=8) values

--------------------------------------------------------------------------------
   2.  CONTROL  DATA  FOR  THE  RUN
--------------------------------------------------------------------------------

ACE                                                                             

General flags:
     imin    =       1, nmropt  =       0

Nature and format of input:
     ntx     =       1, irest   =       0, ntrx    =       1

Nature and format of output:
     ntxo    =       2, ntpr    =      50, ntrx    =       1, ntwr    =       1
     iwrap   =       0, ntwx    =       0, ntwv    =       0, ntwe    =       0
     ioutfm  =       1, ntwprt  =       0, idecomp =       0, rbornstat=      0

Potential function:
     ntf     =       1, ntb     =       0, igb     =       8, nsnb    =      25
     ipol    =       0, gbsa    =       0, iesp    =       0
     dielc   =   1.00000, cut     = 999.00000, intdiel =   1.00000
     saltcon =   0.00000, offset  =   0.19514, surften =   0.00500
     rdt     =   0.00000, rgbmax  =  25.00000  extdiel =  78.50000
     alpb  =        0
     gbalphaH  =   0.78844, gbbetaH   =   0.79870,  gbgammaH  =    0.43733
     gbalphaC  =   0.73376, gbbetaC   =   0.50638,  gbgammaC  =    0.20584
     gbalphaN  =   0.50336, gbbetaN   =   0.31683,  gbgammaN  =    0.19292
     gbalphaOS =   0.86781, gbbetaOS  =   0.87664,  gbgammaOS =    0.38788
     gbalphaP  =   1.00000, gbbetaP   =   0.80000,  gbgammaP  =    4.85000
     gb_alpha_hnu  =   0.53705, gb_beta_hnu   =   0.36286,  gb_gamma_hnu  =    0.11670
     gb_alpha_cnu  =   0.33167, gb_beta_cnu   =   0.19684,  gb_gamma_cnu  =    0.09342
     gb_alpha_nnu  =   0.68631, gb_beta_nnu   =   0.46319,  gb_gamma_nnu  =    0.13872
     gb_alpha_onu  =   0.60634, gb_beta_onu   =   0.46301,  gb_gamma_onu  =    0.14226
     gb_alpha_pnu  =   0.41836, gb_beta_pnu   =   0.29005,  gb_gamma_pnu  =    0.10642

Frozen or restrained atoms:
     ibelly  =       0, ntr     =       0

Energy minimization:
     maxcyc  =    4000, ncyc    =    2000, ntmin   =       1
     dx0     =   0.01000, drms    =   0.00010

| Intermolecular bonds treatment:
|     no_intermolecular_bonds =       1

| Energy averages sample interval:
|     ene_avg_sampling =       1

--------------------------------------------------------------------------------
   3.  ATOMIC COORDINATES AND VELOCITIES
--------------------------------------------------------------------------------

ACE                                                                             
 begin time read from input coords =     0.000 ps

 
 Number of triangulated 3-point waters found:        0
| Dynamic Memory, Types Used:
| Reals               13983
| Integers            15818

--------------------------------------------------------------------------------
   4.  RESULTS
--------------------------------------------------------------------------------



   NSTEP       ENERGY          RMS            GMAX         NAME    NUMBER
      1       1.2260E+04     9.9988E+03     1.1550E+05     HD2        24

 BOND    =        0.2117  ANGLE   =        2.9521  DIHED      =       11.0764
 UB      =        0.0000  IMP     =        0.0000  CMAP       =       -7.9561
 VDWAALS =    12410.8882  EEL     =     -467.4570  EGB        =     -342.9317
 1-4 VDW =       48.5684  1-4 EEL =      604.5352  RESTRAINT  =        0.0000


   NSTEP       ENERGY          RMS            GMAX         NAME    NUMBER
     50      -1.4288E+02     4.9242E+00     3.1691E+01     N          43

 BOND    =        5.0588  ANGLE   =       17.4295  DIHED      =       18.6790
 UB      =        0.0000  IMP     =        0.0000  CMAP       =       -6.5386
 VDWAALS =        5.8194  EEL     =     -470.0468  EGB        =     -346.6911
 1-4 VDW =       34.5561  1-4 EEL =      598.8567  RESTRAINT  =        0.0000


   NSTEP       ENERGY          RMS            GMAX         NAME    NUMBER
    100      -1.7002E+02     8.7274E-01     3.1862E+00     O          64

 BOND    =        4.1295  ANGLE   =       14.5187  DIHED      =       17.3333
 UB      =        0.0000  IMP     =        0.0000  CMAP       =       -6.0497
 VDWAALS =       -9.1035  EEL     =     -468.9247  EGB        =     -349.2953
 1-4 VDW =       30.1149  1-4 EEL =      597.2586  RESTRAINT  =        0.0000


   NSTEP       ENERGY          RMS            GMAX         NAME    NUMBER
    150      -1.7937E+02     1.8403E+00     9.0861E+00     N          87

 BOND    =        5.1640  ANGLE   =       12.9557  DIHED      =       16.3991
 UB      =        0.0000  IMP     =        0.0000  CMAP       =       -5.6005
 VDWAALS =      -13.8920  EEL     =     -467.5594  EGB        =     -351.0750
 1-4 VDW =       28.2404  1-4 EEL =      596.0020  RESTRAINT  =        0.0000


   NSTEP       ENERGY          RMS            GMAX         NAME    NUMBER
    200      -1.8457E+02     7.4755E-01     3.3387E+00     C          85

 BOND    =        4.6177  ANGLE   =       12.1788  DIHED      =       15.6870
 UB      =        0.0000  IMP     =        0.0000  CMAP       =       -5.2077
 VDWAALS =      -16.2671  EEL     =     -465.8835  EGB        =     -352.3079
 1-4 VDW =       27.3146  1-4 EEL =      595.2979  RESTRAINT  =        0.0000


   NSTEP       ENERGY          RMS            GMAX         NAME    NUMBER
    250      -1.8768E+02     4.6099E-01     1.6945E+00     N          65

 BOND    =        5.0215  ANGLE   =       11.4824  DIHED      =       15.1359
 UB      =        0.0000  IMP     =        0.0000  CMAP       =       -4.8793
 VDWAALS =      -17.5570  EEL     =     -464.4411  EGB        =     -353.3104
 1-4 VDW =       26.6108  1-4 EEL =      594.2589  RESTRAINT  =        0.0000


   NSTEP       ENERGY          RMS            GMAX         NAME    NUMBER
    300      -1.8981E+02     9.2670E-01     4.7494E+00     C          85

 BOND    =        5.3405  ANGLE   =       10.8229  DIHED      =       14.7046
 UB      =        0.0000  IMP     =        0.0000  CMAP       =       -4.6195
 VDWAALS =      -18.4182  EEL     =     -463.0767  EGB        =     -354.0559
 1-4 VDW =       26.1289  1-4 EEL =      593.3591  RESTRAINT  =        0.0000


   NSTEP       ENERGY          RMS            GMAX         NAME    NUMBER
    350      -1.9146E+02     3.0222E-01     1.2899E+00     O         147

 BOND    =        5.1035  ANGLE   =       10.8233  DIHED      =       14.3930
 UB      =        0.0000  IMP     =        0.0000  CMAP       =       -4.4098
 VDWAALS =      -19.0685  EEL     =     -461.9793  EGB        =     -354.7892
 1-4 VDW =       25.7494  1-4 EEL =      592.7181  RESTRAINT  =        0.0000


   NSTEP       ENERGY          RMS            GMAX         NAME    NUMBER
    400      -1.9270E+02     7.7275E-01     4.3255E+00     C         117

 BOND    =        5.0554  ANGLE   =       10.4956  DIHED      =       14.1320
 UB      =        0.0000  IMP     =        0.0000  CMAP       =       -4.2517
 VDWAALS =      -19.5533  EEL     =     -460.9161  EGB        =     -355.2877
 1-4 VDW =       25.4907  1-4 EEL =      592.1356  RESTRAINT  =        0.0000


   NSTEP       ENERGY          RMS            GMAX         NAME    NUMBER
    450      -1.9374E+02     4.0132E-01     2.1090E+00     N          65

 BOND    =        5.3818  ANGLE   =       10.2147  DIHED      =       13.9288
 UB      =        0.0000  IMP     =        0.0000  CMAP       =       -4.1131
 VDWAALS =      -19.8921  EEL     =     -460.1262  EGB        =     -355.7624
 1-4 VDW =       25.2135  1-4 EEL =      591.4141  RESTRAINT  =        0.0000


   NSTEP       ENERGY          RMS            GMAX         NAME    NUMBER
    500      -1.9455E+02     6.1562E-01     3.3889E+00     N          65

 BOND    =        5.4974  ANGLE   =        9.8857  DIHED      =       13.7668
 UB      =        0.0000  IMP     =        0.0000  CMAP       =       -4.0079
 VDWAALS =      -20.1805  EEL     =     -459.3780  EGB        =     -356.0898
 1-4 VDW =       25.0410  1-4 EEL =      590.9160  RESTRAINT  =        0.0000


   NSTEP       ENERGY          RMS            GMAX         NAME    NUMBER
    550      -1.9527E+02     2.6200E-01     1.1070E+00     C          85

 BOND    =        5.2584  ANGLE   =        9.9464  DIHED      =       13.6383
 UB      =        0.0000  IMP     =        0.0000  CMAP       =       -3.9083
 VDWAALS =      -20.4562  EEL     =     -458.7653  EGB        =     -356.4636
 1-4 VDW =       24.8882  1-4 EEL =      590.5888  RESTRAINT  =        0.0000


   NSTEP       ENERGY          RMS            GMAX         NAME    NUMBER
    600      -1.9586E+02     5.4570E-01     2.8276E+00     C          63

 BOND    =        5.1750  ANGLE   =        9.8640  DIHED      =       13.5288
 UB      =        0.0000  IMP     =        0.0000  CMAP       =       -3.8197
 VDWAALS =      -20.6870  EEL     =     -458.2126  EGB        =     -356.7555
 1-4 VDW =       24.7661  1-4 EEL =      590.2764  RESTRAINT  =        0.0000


   NSTEP       ENERGY          RMS            GMAX         NAME    NUMBER
    650      -1.9641E+02     2.9420E-01     1.5338E+00     N          65

 BOND    =        5.4167  ANGLE   =        9.5648  DIHED      =       13.4366
 UB      =        0.0000  IMP     =        0.0000  CMAP       =       -3.7349
 VDWAALS =      -20.8590  EEL     =     -457.7663  EGB        =     -356.9790
 1-4 VDW =       24.6431  1-4 EEL =      589.8679  RESTRAINT  =        0.0000


   NSTEP       ENERGY          RMS            GMAX         NAME    NUMBER
    700      -1.9685E+02     4.6007E-01     2.4094E+00     N          65

 BOND    =        5.4732  ANGLE   =        9.4753  DIHED      =       13.3624
 UB      =        0.0000  IMP     =        0.0000  CMAP       =       -3.6539
 VDWAALS =      -21.0246  EEL     =     -457.4018  EGB        =     -357.2123
 1-4 VDW =       24.5412  1-4 EEL =      589.5894  RESTRAINT  =        0.0000


   NSTEP       ENERGY          RMS            GMAX         NAME    NUMBER
    750      -1.9727E+02     2.4864E-01     1.2118E+00     C          63

 BOND    =        5.2460  ANGLE   =        9.4568  DIHED      =       13.2976
 UB      =        0.0000  IMP     =        0.0000  CMAP       =       -3.5812
 VDWAALS =      -21.1960  EEL     =     -457.0391  EGB        =     -357.4122
 1-4 VDW =       24.4836  1-4 EEL =      589.4751  RESTRAINT  =        0.0000


   NSTEP       ENERGY          RMS            GMAX         NAME    NUMBER
    800      -1.9763E+02     3.9768E-01     2.0255E+00     C          63

 BOND    =        5.1829  ANGLE   =        9.3740  DIHED      =       13.2403
 UB      =        0.0000  IMP     =        0.0000  CMAP       =       -3.5079
 VDWAALS =      -21.3432  EEL     =     -456.7365  EGB        =     -357.5887
 1-4 VDW =       24.4237  1-4 EEL =      589.3250  RESTRAINT  =        0.0000


   NSTEP       ENERGY          RMS            GMAX         NAME    NUMBER
    850      -1.9797E+02     1.4008E-01     5.1983E-01     HE1        18

 BOND    =        5.2993  ANGLE   =        9.1878  DIHED      =       13.1909
 UB      =        0.0000  IMP     =        0.0000  CMAP       =       -3.4366
 VDWAALS =      -21.4602  EEL     =     -456.4992  EGB        =     -357.7313
 1-4 VDW =       24.3603  1-4 EEL =      589.1217  RESTRAINT  =        0.0000


   NSTEP       ENERGY          RMS            GMAX         NAME    NUMBER
    900      -1.9826E+02     3.4168E-01     1.8022E+00     N          65

 BOND    =        5.3641  ANGLE   =        9.0019  DIHED      =       13.1456
 UB      =        0.0000  IMP     =        0.0000  CMAP       =       -3.3689
 VDWAALS =      -21.5748  EEL     =     -456.2726  EGB        =     -357.8477
 1-4 VDW =       24.3156  1-4 EEL =      588.9762  RESTRAINT  =        0.0000


   NSTEP       ENERGY          RMS            GMAX         NAME    NUMBER
    950      -1.9854E+02     1.7040E-01     7.4019E-01     C          63

 BOND    =        5.1886  ANGLE   =        9.0577  DIHED      =       13.1061
 UB      =        0.0000  IMP     =        0.0000  CMAP       =       -3.3010
 VDWAALS =      -21.6975  EEL     =     -456.0879  EGB        =     -358.0121
 1-4 VDW =       24.2744  1-4 EEL =      588.9322  RESTRAINT  =        0.0000


   NSTEP       ENERGY          RMS            GMAX         NAME    NUMBER
   1000      -1.9879E+02     3.1157E-01     1.5814E+00     C          63

 BOND    =        5.1134  ANGLE   =        9.0023  DIHED      =       13.0690
 UB      =        0.0000  IMP     =        0.0000  CMAP       =       -3.2364
 VDWAALS =      -21.8073  EEL     =     -455.9140  EGB        =     -358.1328
 1-4 VDW =       24.2427  1-4 EEL =      588.8749  RESTRAINT  =        0.0000


   NSTEP       ENERGY          RMS            GMAX         NAME    NUMBER
   1050      -1.9902E+02     4.3941E-01     2.4464E+00     C          63

 BOND    =        5.0487  ANGLE   =        9.0316  DIHED      =       13.0354
 UB      =        0.0000  IMP     =        0.0000  CMAP       =       -3.1694
 VDWAALS =      -21.9104  EEL     =     -455.7850  EGB        =     -358.2790
 1-4 VDW =       24.2004  1-4 EEL =      588.8122  RESTRAINT  =        0.0000


   NSTEP       ENERGY          RMS            GMAX         NAME    NUMBER
   1100      -1.9925E+02     1.7550E-01     8.6743E-01     N          65

 BOND    =        5.1950  ANGLE   =        8.7548  DIHED      =       13.0030
 UB      =        0.0000  IMP     =        0.0000  CMAP       =       -3.1105
 VDWAALS =      -21.9912  EEL     =     -455.6421  EGB        =     -358.3268
 1-4 VDW =       24.1759  1-4 EEL =      588.6919  RESTRAINT  =        0.0000


   NSTEP       ENERGY          RMS            GMAX         NAME    NUMBER
   1150      -1.9944E+02     4.1858E-01     2.1156E+00     C         117

 BOND    =        5.2035  ANGLE   =        8.5663  DIHED      =       12.9727
 UB      =        0.0000  IMP     =        0.0000  CMAP       =       -3.0559
 VDWAALS =      -22.0777  EEL     =     -455.4971  EGB        =     -358.3725
 1-4 VDW =       24.1666  1-4 EEL =      588.6497  RESTRAINT  =        0.0000


   NSTEP       ENERGY          RMS            GMAX         NAME    NUMBER
   1200      -1.9965E+02     1.6016E-01     7.3140E-01     C          63

 BOND    =        5.0468  ANGLE   =        8.6937  DIHED      =       12.9448
 UB      =        0.0000  IMP     =        0.0000  CMAP       =       -2.9920
 VDWAALS =      -22.1726  EEL     =     -455.4146  EGB        =     -358.5249
 1-4 VDW =       24.1296  1-4 EEL =      588.6392  RESTRAINT  =        0.0000


   NSTEP       ENERGY          RMS            GMAX         NAME    NUMBER
   1250      -1.9983E+02     2.9547E-01     1.6098E+00     C          63

 BOND    =        4.9698  ANGLE   =        8.6827  DIHED      =       12.9178
 UB      =        0.0000  IMP     =        0.0000  CMAP       =       -2.9345
 VDWAALS =      -22.2580  EEL     =     -455.3175  EGB        =     -358.6203
 1-4 VDW =       24.1083  1-4 EEL =      588.6235  RESTRAINT  =        0.0000


   NSTEP       ENERGY          RMS            GMAX         NAME    NUMBER
   1300      -2.0001E+02     9.5787E-02     4.7400E-01     HE1        18

 BOND    =        5.0396  ANGLE   =        8.5353  DIHED      =       12.8917
 UB      =        0.0000  IMP     =        0.0000  CMAP       =       -2.8787
 VDWAALS =      -22.3300  EEL     =     -455.2278  EGB        =     -358.6792
 1-4 VDW =       24.0862  1-4 EEL =      588.5519  RESTRAINT  =        0.0000


   NSTEP       ENERGY          RMS            GMAX         NAME    NUMBER
   1350      -2.0017E+02     2.8562E-01     1.5349E+00     C         117

 BOND    =        5.0727  ANGLE   =        8.4976  DIHED      =       12.8668
 UB      =        0.0000  IMP     =        0.0000  CMAP       =       -2.8207
 VDWAALS =      -22.4028  EEL     =     -455.1627  EGB        =     -358.7710
 1-4 VDW =       24.0555  1-4 EEL =      588.4912  RESTRAINT  =        0.0000


   NSTEP       ENERGY          RMS            GMAX         NAME    NUMBER
   1400      -2.0033E+02     9.5302E-02     4.6468E-01     HE1        18

 BOND    =        4.9600  ANGLE   =        8.4539  DIHED      =       12.8432
 UB      =        0.0000  IMP     =        0.0000  CMAP       =       -2.7730
 VDWAALS =      -22.4772  EEL     =     -455.0696  EGB        =     -358.8279
 1-4 VDW =       24.0503  1-4 EEL =      588.5096  RESTRAINT  =        0.0000


   NSTEP       ENERGY          RMS            GMAX         NAME    NUMBER
   1450      -2.0047E+02     2.4763E-01     1.2820E+00     C          85

 BOND    =        4.8779  ANGLE   =        8.4784  DIHED      =       12.8205
 UB      =        0.0000  IMP     =        0.0000  CMAP       =       -2.7217
 VDWAALS =      -22.5488  EEL     =     -455.0038  EGB        =     -358.9146
 1-4 VDW =       24.0315  1-4 EEL =      588.5074  RESTRAINT  =        0.0000


   NSTEP       ENERGY          RMS            GMAX         NAME    NUMBER
   1500      -2.0061E+02     3.4744E-01     1.7313E+00     N         109

 BOND    =        4.8238  ANGLE   =        8.3891  DIHED      =       12.7987
 UB      =        0.0000  IMP     =        0.0000  CMAP       =       -2.6783
 VDWAALS =      -22.6140  EEL     =     -454.9189  EGB        =     -358.9481
 1-4 VDW =       24.0295  1-4 EEL =      588.5129  RESTRAINT  =        0.0000


   NSTEP       ENERGY          RMS            GMAX         NAME    NUMBER
   1550      -2.0074E+02     1.9918E-01     1.0138E+00     N          65

 BOND    =        4.9568  ANGLE   =        8.2446  DIHED      =       12.7781
 UB      =        0.0000  IMP     =        0.0000  CMAP       =       -2.6312
 VDWAALS =      -22.6649  EEL     =     -454.8715  EGB        =     -358.9870
 1-4 VDW =       24.0066  1-4 EEL =      588.4248  RESTRAINT  =        0.0000


   NSTEP       ENERGY          RMS            GMAX         NAME    NUMBER
   1600      -2.0087E+02     9.0193E-02     4.4389E-01     HE1        18

 BOND    =        4.8559  ANGLE   =        8.2741  DIHED      =       12.7582
 UB      =        0.0000  IMP     =        0.0000  CMAP       =       -2.5871
 VDWAALS =      -22.7275  EEL     =     -454.8154  EGB        =     -359.0589
 1-4 VDW =       23.9933  1-4 EEL =      588.4371  RESTRAINT  =        0.0000


   NSTEP       ENERGY          RMS            GMAX         NAME    NUMBER
   1650      -2.0099E+02     1.2483E-01     5.1921E-01     N         109

 BOND    =        4.8150  ANGLE   =        8.2424  DIHED      =       12.7383
 UB      =        0.0000  IMP     =        0.0000  CMAP       =       -2.5443
 VDWAALS =      -22.7858  EEL     =     -454.7582  EGB        =     -359.1110
 1-4 VDW =       23.9819  1-4 EEL =      588.4297  RESTRAINT  =        0.0000


   NSTEP       ENERGY          RMS            GMAX         NAME    NUMBER
   1700      -2.0110E+02     2.5029E-01     1.3150E+00     C         117

 BOND    =        4.7640  ANGLE   =        8.1917  DIHED      =       12.7193
 UB      =        0.0000  IMP     =        0.0000  CMAP       =       -2.5060
 VDWAALS =      -22.8409  EEL     =     -454.6960  EGB        =     -359.1465
 1-4 VDW =       23.9773  1-4 EEL =      588.4345  RESTRAINT  =        0.0000


   NSTEP       ENERGY          RMS            GMAX         NAME    NUMBER
   1750      -2.0122E+02     1.2915E-01     6.0160E-01     N          65

 BOND    =        4.8364  ANGLE   =        8.1337  DIHED      =       12.7017
 UB      =        0.0000  IMP     =        0.0000  CMAP       =       -2.4647
 VDWAALS =      -22.8863  EEL     =     -454.6668  EGB        =     -359.1978
 1-4 VDW =       23.9546  1-4 EEL =      588.3739  RESTRAINT  =        0.0000


   NSTEP       ENERGY          RMS            GMAX         NAME    NUMBER
   1800      -2.0132E+02     2.0563E-01     1.0415E+00     N         109

 BOND    =        4.8427  ANGLE   =        8.0602  DIHED      =       12.6838
 UB      =        0.0000  IMP     =        0.0000  CMAP       =       -2.4279
 VDWAALS =      -22.9347  EEL     =     -454.6168  EGB        =     -359.2273
 1-4 VDW =       23.9463  1-4 EEL =      588.3536  RESTRAINT  =        0.0000


   NSTEP       ENERGY          RMS            GMAX         NAME    NUMBER
   1850      -2.0142E+02     7.5360E-02     4.1818E-01     HE1        18

 BOND    =        4.7483  ANGLE   =        8.0961  DIHED      =       12.6670
 UB      =        0.0000  IMP     =        0.0000  CMAP       =       -2.3925
 VDWAALS =      -22.9854  EEL     =     -454.5753  EGB        =     -359.2863
 1-4 VDW =       23.9361  1-4 EEL =      588.3698  RESTRAINT  =        0.0000


   NSTEP       ENERGY          RMS            GMAX         NAME    NUMBER
   1900      -2.0152E+02     1.3072E-01     6.2172E-01     C          85

 BOND    =        4.7067  ANGLE   =        8.1064  DIHED      =       12.6505
 UB      =        0.0000  IMP     =        0.0000  CMAP       =       -2.3573
 VDWAALS =      -23.0322  EEL     =     -454.5400  EGB        =     -359.3401
 1-4 VDW =       23.9230  1-4 EEL =      588.3644  RESTRAINT  =        0.0000


   NSTEP       ENERGY          RMS            GMAX         NAME    NUMBER
   1950      -2.0161E+02     2.9943E-01     1.7239E+00     C         117

 BOND    =        4.6657  ANGLE   =        8.0050  DIHED      =       12.6343
 UB      =        0.0000  IMP     =        0.0000  CMAP       =       -2.3299
 VDWAALS =      -23.0765  EEL     =     -454.4753  EGB        =     -359.3378
 1-4 VDW =       23.9303  1-4 EEL =      588.3789  RESTRAINT  =        0.0000


   NSTEP       ENERGY          RMS            GMAX         NAME    NUMBER
   2000      -2.0170E+02     1.2110E-01     5.6636E-01     N          65

 BOND    =        4.7309  ANGLE   =        7.9799  DIHED      =       12.6195
 UB      =        0.0000  IMP     =        0.0000  CMAP       =       -2.2959
 VDWAALS =      -23.1126  EEL     =     -454.4621  EGB        =     -359.3889
 1-4 VDW =       23.9075  1-4 EEL =      588.3229  RESTRAINT  =        0.0000


   NSTEP       ENERGY          RMS            GMAX         NAME    NUMBER
   2050      -2.0376E+02     1.6291E-01     8.4153E-01     HD2        24

 BOND    =        4.1180  ANGLE   =        7.4663  DIHED      =       12.1970
 UB      =        0.0000  IMP     =        0.0000  CMAP       =       -1.4211
 VDWAALS =      -24.2981  EEL     =     -454.1566  EGB        =     -360.3213
 1-4 VDW =       23.7723  1-4 EEL =      588.8832  RESTRAINT  =        0.0000


   NSTEP       ENERGY          RMS            GMAX         NAME    NUMBER
   2100      -2.0392E+02     1.1859E-01     5.3583E-01     HD2        24

 BOND    =        4.0353  ANGLE   =        7.3558  DIHED      =       12.1701
 UB      =        0.0000  IMP     =        0.0000  CMAP       =       -1.5319
 VDWAALS =      -24.3141  EEL     =     -454.3985  EGB        =     -360.2288
 1-4 VDW =       23.8796  1-4 EEL =      589.1080  RESTRAINT  =        0.0000


   NSTEP       ENERGY          RMS            GMAX         NAME    NUMBER
   2150      -2.0403E+02     9.2025E-02     6.1232E-01     HD2        24

 BOND    =        4.0101  ANGLE   =        7.3316  DIHED      =       12.1466
 UB      =        0.0000  IMP     =        0.0000  CMAP       =       -1.5823
 VDWAALS =      -24.3415  EEL     =     -454.4049  EGB        =     -360.2006
 1-4 VDW =       23.9047  1-4 EEL =      589.1057  RESTRAINT  =        0.0000


   NSTEP       ENERGY          RMS            GMAX         NAME    NUMBER
   2200      -2.0419E+02     4.2690E-01     1.9443E+00     C          25

 BOND    =        4.0044  ANGLE   =        7.4825  DIHED      =       12.1166
 UB      =        0.0000  IMP     =        0.0000  CMAP       =       -1.6660
 VDWAALS =      -24.4239  EEL     =     -454.1581  EGB        =     -360.1453
 1-4 VDW =       23.8929  1-4 EEL =      588.7045  RESTRAINT  =        0.0000


   NSTEP       ENERGY          RMS            GMAX         NAME    NUMBER
   2250      -2.0435E+02     2.5868E-01     1.0529E+00     CD2        23

 BOND    =        4.0124  ANGLE   =        7.3875  DIHED      =       12.0907
 UB      =        0.0000  IMP     =        0.0000  CMAP       =       -1.7028
 VDWAALS =      -24.4703  EEL     =     -453.9271  EGB        =     -360.1581
 1-4 VDW =       23.8712  1-4 EEL =      588.5452  RESTRAINT  =        0.0000


   NSTEP       ENERGY          RMS            GMAX         NAME    NUMBER
   2300      -2.0446E+02     1.8045E-01     9.9002E-01     HZ         20

 BOND    =        3.9946  ANGLE   =        7.4528  DIHED      =       12.0751
 UB      =        0.0000  IMP     =        0.0000  CMAP       =       -1.7402
 VDWAALS =      -24.5203  EEL     =     -453.7585  EGB        =     -360.1466
 1-4 VDW =       23.8481  1-4 EEL =      588.3363  RESTRAINT  =        0.0000


   NSTEP       ENERGY          RMS            GMAX         NAME    NUMBER
   2350      -2.0456E+02     1.0477E-01     3.7835E-01     CH3         2

 BOND    =        3.9590  ANGLE   =        7.3906  DIHED      =       12.0381
 UB      =        0.0000  IMP     =        0.0000  CMAP       =       -1.7757
 VDWAALS =      -24.5802  EEL     =     -454.2381  EGB        =     -360.0347
 1-4 VDW =       23.9180  1-4 EEL =      588.7656  RESTRAINT  =        0.0000


   NSTEP       ENERGY          RMS            GMAX         NAME    NUMBER
   2400      -2.0462E+02     7.7472E-02     3.4450E-01     CG         14

 BOND    =        3.9625  ANGLE   =        7.3686  DIHED      =       12.0272
 UB      =        0.0000  IMP     =        0.0000  CMAP       =       -1.7961
 VDWAALS =      -24.6063  EEL     =     -454.2117  EGB        =     -360.0054
 1-4 VDW =       23.9211  1-4 EEL =      588.7213  RESTRAINT  =        0.0000


   NSTEP       ENERGY          RMS            GMAX         NAME    NUMBER
   2450      -2.0467E+02     1.2885E-01     7.5388E-01     CH3         2

 BOND    =        3.9746  ANGLE   =        7.3623  DIHED      =       12.0182
 UB      =        0.0000  IMP     =        0.0000  CMAP       =       -1.8172
 VDWAALS =      -24.6347  EEL     =     -454.2351  EGB        =     -359.9749
 1-4 VDW =       23.9225  1-4 EEL =      588.7162  RESTRAINT  =        0.0000


   NSTEP       ENERGY          RMS            GMAX         NAME    NUMBER
   2500      -2.0472E+02     1.1040E-01     6.3870E-01     CD1        15

 BOND    =        3.9580  ANGLE   =        7.3750  DIHED      =       12.0097
 UB      =        0.0000  IMP     =        0.0000  CMAP       =       -1.8342
 VDWAALS =      -24.6630  EEL     =     -454.2517  EGB        =     -359.9438
 1-4 VDW =       23.9358  1-4 EEL =      588.6946  RESTRAINT  =        0.0000


   NSTEP       ENERGY          RMS            GMAX         NAME    NUMBER
   2550      -2.0476E+02     8.8735E-02     4.6511E-01     HB2        12

 BOND    =        3.9596  ANGLE   =        7.3758  DIHED      =       12.0020
 UB      =        0.0000  IMP     =        0.0000  CMAP       =       -1.8523
 VDWAALS =      -24.6865  EEL     =     -454.2620  EGB        =     -359.9151
 1-4 VDW =       23.9433  1-4 EEL =      588.6732  RESTRAINT  =        0.0000


   NSTEP       ENERGY          RMS            GMAX         NAME    NUMBER
   2600      -2.0481E+02     2.0300E-01     1.1929E+00     C         117

 BOND    =        3.9599  ANGLE   =        7.3829  DIHED      =       11.9940
 UB      =        0.0000  IMP     =        0.0000  CMAP       =       -1.8819
 VDWAALS =      -24.7162  EEL     =     -454.3034  EGB        =     -359.8754
 1-4 VDW =       23.9414  1-4 EEL =      588.6921  RESTRAINT  =        0.0000


   NSTEP       ENERGY          RMS            GMAX         NAME    NUMBER
   2650      -2.0486E+02     1.7387E-01     9.2259E-01     CD2        23

 BOND    =        3.9604  ANGLE   =        7.3528  DIHED      =       11.9869
 UB      =        0.0000  IMP     =        0.0000  CMAP       =       -1.9137
 VDWAALS =      -24.7471  EEL     =     -454.3419  EGB        =     -359.8175
 1-4 VDW =       23.9302  1-4 EEL =      588.7309  RESTRAINT  =        0.0000


   NSTEP       ENERGY          RMS            GMAX         NAME    NUMBER
   2700      -2.0490E+02     1.0352E-01     6.1588E-01     HB2        12

 BOND    =        3.9574  ANGLE   =        7.3428  DIHED      =       11.9858
 UB      =        0.0000  IMP     =        0.0000  CMAP       =       -1.9349
 VDWAALS =      -24.7684  EEL     =     -454.3484  EGB        =     -359.7817
 1-4 VDW =       23.9517  1-4 EEL =      588.6908  RESTRAINT  =        0.0000


   NSTEP       ENERGY          RMS            GMAX         NAME    NUMBER
   2750      -2.0494E+02     7.1957E-02     5.6048E-01     HB2        12

 BOND    =        3.9622  ANGLE   =        7.3563  DIHED      =       11.9795
 UB      =        0.0000  IMP     =        0.0000  CMAP       =       -1.9556
 VDWAALS =      -24.7909  EEL     =     -454.3675  EGB        =     -359.7535
 1-4 VDW =       23.9561  1-4 EEL =      588.6689  RESTRAINT  =        0.0000


   NSTEP       ENERGY          RMS            GMAX         NAME    NUMBER
   2800      -2.0498E+02     5.3023E-02     3.1077E-01     HB2        12

 BOND    =        3.9632  ANGLE   =        7.3597  DIHED      =       11.9770
 UB      =        0.0000  IMP     =        0.0000  CMAP       =       -1.9741
 VDWAALS =      -24.8046  EEL     =     -454.3635  EGB        =     -359.7205
 1-4 VDW =       23.9568  1-4 EEL =      588.6298  RESTRAINT  =        0.0000


   NSTEP       ENERGY          RMS            GMAX         NAME    NUMBER
   2850      -2.0501E+02     5.9751E-02     3.1733E-01     CG         14

 BOND    =        3.9581  ANGLE   =        7.3634  DIHED      =       11.9733
 UB      =        0.0000  IMP     =        0.0000  CMAP       =       -1.9945
 VDWAALS =      -24.8208  EEL     =     -454.3937  EGB        =     -359.6861
 1-4 VDW =       23.9667  1-4 EEL =      588.6284  RESTRAINT  =        0.0000


   NSTEP       ENERGY          RMS            GMAX         NAME    NUMBER
   2900      -2.0503E+02     6.4585E-02     3.8000E-01     HB2        12

 BOND    =        3.9581  ANGLE   =        7.3627  DIHED      =       11.9738
 UB      =        0.0000  IMP     =        0.0000  CMAP       =       -2.0144
 VDWAALS =      -24.8328  EEL     =     -454.3975  EGB        =     -359.6603
 1-4 VDW =       23.9668  1-4 EEL =      588.6130  RESTRAINT  =        0.0000


   NSTEP       ENERGY          RMS            GMAX         NAME    NUMBER
   2950      -2.0505E+02     5.5379E-02     3.5647E-01     HB2        12

 BOND    =        3.9605  ANGLE   =        7.3675  DIHED      =       11.9728
 UB      =        0.0000  IMP     =        0.0000  CMAP       =       -2.0327
 VDWAALS =      -24.8423  EEL     =     -454.4033  EGB        =     -359.6412
 1-4 VDW =       23.9676  1-4 EEL =      588.5977  RESTRAINT  =        0.0000


   NSTEP       ENERGY          RMS            GMAX         NAME    NUMBER
   3000      -2.0508E+02     7.0330E-02     4.2095E-01     CD2        23

 BOND    =        3.9583  ANGLE   =        7.3677  DIHED      =       11.9725
 UB      =        0.0000  IMP     =        0.0000  CMAP       =       -2.0540
 VDWAALS =      -24.8536  EEL     =     -454.4245  EGB        =     -359.6128
 1-4 VDW =       23.9765  1-4 EEL =      588.5928  RESTRAINT  =        0.0000


   NSTEP       ENERGY          RMS            GMAX         NAME    NUMBER
   3050      -2.0510E+02     6.3207E-02     3.7220E-01     HB2        12

 BOND    =        3.9585  ANGLE   =        7.3713  DIHED      =       11.9730
 UB      =        0.0000  IMP     =        0.0000  CMAP       =       -2.0731
 VDWAALS =      -24.8617  EEL     =     -454.4312  EGB        =     -359.5930
 1-4 VDW =       23.9802  1-4 EEL =      588.5779  RESTRAINT  =        0.0000


   NSTEP       ENERGY          RMS            GMAX         NAME    NUMBER
   3100      -2.0512E+02     6.5044E-02     4.4541E-01     HB2        12

 BOND    =        3.9533  ANGLE   =        7.3748  DIHED      =       11.9732
 UB      =        0.0000  IMP     =        0.0000  CMAP       =       -2.0942
 VDWAALS =      -24.8693  EEL     =     -454.4434  EGB        =     -359.5702
 1-4 VDW =       23.9831  1-4 EEL =      588.5743  RESTRAINT  =        0.0000


   NSTEP       ENERGY          RMS            GMAX         NAME    NUMBER
   3150      -2.0514E+02     7.0238E-02     4.4870E-01     HB2        12

 BOND    =        3.9502  ANGLE   =        7.3803  DIHED      =       11.9747
 UB      =        0.0000  IMP     =        0.0000  CMAP       =       -2.1170
 VDWAALS =      -24.8763  EEL     =     -454.4504  EGB        =     -359.5483
 1-4 VDW =       23.9876  1-4 EEL =      588.5594  RESTRAINT  =        0.0000


   NSTEP       ENERGY          RMS            GMAX         NAME    NUMBER
   3200      -2.0516E+02     1.1658E-01     5.1286E-01     HB3        13

 BOND    =        3.9545  ANGLE   =        7.3827  DIHED      =       11.9745
 UB      =        0.0000  IMP     =        0.0000  CMAP       =       -2.1488
 VDWAALS =      -24.8845  EEL     =     -454.4691  EGB        =     -359.5191
 1-4 VDW =       23.9930  1-4 EEL =      588.5522  RESTRAINT  =        0.0000


   NSTEP       ENERGY          RMS            GMAX         NAME    NUMBER
   3250      -2.0519E+02     5.3526E-02     4.8132E-01     HB2        12

 BOND    =        3.9644  ANGLE   =        7.3703  DIHED      =       11.9764
 UB      =        0.0000  IMP     =        0.0000  CMAP       =       -2.1688
 VDWAALS =      -24.8860  EEL     =     -454.4592  EGB        =     -359.5165
 1-4 VDW =       23.9968  1-4 EEL =      588.5367  RESTRAINT  =        0.0000


   NSTEP       ENERGY          RMS            GMAX         NAME    NUMBER
   3300      -2.0521E+02     5.9148E-02     4.6395E-01     HB2        12

 BOND    =        3.9568  ANGLE   =        7.3762  DIHED      =       11.9762
 UB      =        0.0000  IMP     =        0.0000  CMAP       =       -2.1945
 VDWAALS =      -24.8898  EEL     =     -454.4751  EGB        =     -359.5006
 1-4 VDW =       24.0064  1-4 EEL =      588.5384  RESTRAINT  =        0.0000


   NSTEP       ENERGY          RMS            GMAX         NAME    NUMBER
   3350      -2.0522E+02     6.7542E-02     4.6302E-01     HB2        12

 BOND    =        3.9715  ANGLE   =        7.3727  DIHED      =       11.9794
 UB      =        0.0000  IMP     =        0.0000  CMAP       =       -2.2163
 VDWAALS =      -24.8902  EEL     =     -454.4677  EGB        =     -359.4880
 1-4 VDW =       24.0121  1-4 EEL =      588.5027  RESTRAINT  =        0.0000


   NSTEP       ENERGY          RMS            GMAX         NAME    NUMBER
   3400      -2.0524E+02     5.9551E-02     3.9491E-01     HB2        12

 BOND    =        3.9689  ANGLE   =        7.3786  DIHED      =       11.9790
 UB      =        0.0000  IMP     =        0.0000  CMAP       =       -2.2373
 VDWAALS =      -24.8913  EEL     =     -454.4625  EGB        =     -359.4855
 1-4 VDW =       24.0123  1-4 EEL =      588.4990  RESTRAINT  =        0.0000


   NSTEP       ENERGY          RMS            GMAX         NAME    NUMBER
   3450      -2.0525E+02     1.1309E-01     5.6410E-01     CE2        21

 BOND    =        3.9681  ANGLE   =        7.3702  DIHED      =       11.9813
 UB      =        0.0000  IMP     =        0.0000  CMAP       =       -2.2596
 VDWAALS =      -24.8904  EEL     =     -454.4657  EGB        =     -359.4731
 1-4 VDW =       24.0220  1-4 EEL =      588.4948  RESTRAINT  =        0.0000


   NSTEP       ENERGY          RMS            GMAX         NAME    NUMBER
   3500      -2.0529E+02     1.6876E-01     9.6784E-01     CA          9

 BOND    =        3.9574  ANGLE   =        7.3945  DIHED      =       11.9864
 UB      =        0.0000  IMP     =        0.0000  CMAP       =       -2.3222
 VDWAALS =      -24.8907  EEL     =     -454.4712  EGB        =     -359.4706
 1-4 VDW =       24.0409  1-4 EEL =      588.4888  RESTRAINT  =        0.0000


   NSTEP       ENERGY          RMS            GMAX         NAME    NUMBER
   3550      -2.0532E+02     1.8395E-01     7.5766E-01     CA          9

 BOND    =        3.9590  ANGLE   =        7.3813  DIHED      =       11.9885
 UB      =        0.0000  IMP     =        0.0000  CMAP       =       -2.3745
 VDWAALS =      -24.8812  EEL     =     -454.4117  EGB        =     -359.4872
 1-4 VDW =       24.0552  1-4 EEL =      588.4469  RESTRAINT  =        0.0000


   NSTEP       ENERGY          RMS            GMAX         NAME    NUMBER
   3600      -2.0535E+02     1.0740E-01     5.6633E-01     CA          9

 BOND    =        3.9835  ANGLE   =        7.3801  DIHED      =       11.9879
 UB      =        0.0000  IMP     =        0.0000  CMAP       =       -2.4031
 VDWAALS =      -24.8763  EEL     =     -454.3723  EGB        =     -359.5119
 1-4 VDW =       24.0552  1-4 EEL =      588.4112  RESTRAINT  =        0.0000


   NSTEP       ENERGY          RMS            GMAX         NAME    NUMBER
   3650      -2.0536E+02     9.6860E-02     5.4640E-01     CA          9

 BOND    =        3.9709  ANGLE   =        7.3889  DIHED      =       11.9937
 UB      =        0.0000  IMP     =        0.0000  CMAP       =       -2.4316
 VDWAALS =      -24.8662  EEL     =     -454.3511  EGB        =     -359.5268
 1-4 VDW =       24.0693  1-4 EEL =      588.3892  RESTRAINT  =        0.0000


   NSTEP       ENERGY          RMS            GMAX         NAME    NUMBER
   3700      -2.0538E+02     7.1750E-02     4.1005E-01     HB2        12

 BOND    =        3.9969  ANGLE   =        7.3945  DIHED      =       11.9894
 UB      =        0.0000  IMP     =        0.0000  CMAP       =       -2.4484
 VDWAALS =      -24.8640  EEL     =     -454.3110  EGB        =     -359.5554
 1-4 VDW =       24.0506  1-4 EEL =      588.3681  RESTRAINT  =        0.0000


   NSTEP       ENERGY          RMS            GMAX         NAME    NUMBER
   3750      -2.0540E+02     8.7438E-02     4.5840E-01     HB3        13

 BOND    =        3.9834  ANGLE   =        7.3617  DIHED      =       11.9956
 UB      =        0.0000  IMP     =        0.0000  CMAP       =       -2.4922
 VDWAALS =      -24.8501  EEL     =     -454.3175  EGB        =     -359.5669
 1-4 VDW =       24.0858  1-4 EEL =      588.4033  RESTRAINT  =        0.0000


   NSTEP       ENERGY          RMS            GMAX         NAME    NUMBER
   3800      -2.0541E+02     5.4414E-02     2.5644E-01     C          63

 BOND    =        4.0110  ANGLE   =        7.3944  DIHED      =       11.9880
 UB      =        0.0000  IMP     =        0.0000  CMAP       =       -2.4843
 VDWAALS =      -24.8549  EEL     =     -454.2541  EGB        =     -359.5912
 1-4 VDW =       24.0448  1-4 EEL =      588.3357  RESTRAINT  =        0.0000


   NSTEP       ENERGY          RMS            GMAX         NAME    NUMBER
   3850      -2.0542E+02     6.1211E-02     3.1050E-01     CA          9

 BOND    =        3.9978  ANGLE   =        7.3921  DIHED      =       11.9907
 UB      =        0.0000  IMP     =        0.0000  CMAP       =       -2.5007
 VDWAALS =      -24.8507  EEL     =     -454.2666  EGB        =     -359.6001
 1-4 VDW =       24.0595  1-4 EEL =      588.3587  RESTRAINT  =        0.0000


   NSTEP       ENERGY          RMS            GMAX         NAME    NUMBER
   3900      -2.0543E+02     1.0145E-01     4.6665E-01     C         117

 BOND    =        3.9953  ANGLE   =        7.3831  DIHED      =       11.9885
 UB      =        0.0000  IMP     =        0.0000  CMAP       =       -2.5115
 VDWAALS =      -24.8473  EEL     =     -454.2337  EGB        =     -359.6068
 1-4 VDW =       24.0612  1-4 EEL =      588.3439  RESTRAINT  =        0.0000


   NSTEP       ENERGY          RMS            GMAX         NAME    NUMBER
   3950      -2.0544E+02     8.6369E-02     4.9403E-01     HB2        12

 BOND    =        4.0013  ANGLE   =        7.3981  DIHED      =       11.9911
 UB      =        0.0000  IMP     =        0.0000  CMAP       =       -2.5347
 VDWAALS =      -24.8403  EEL     =     -454.2428  EGB        =     -359.6311
 1-4 VDW =       24.0669  1-4 EEL =      588.3510  RESTRAINT  =        0.0000


   NSTEP       ENERGY          RMS            GMAX         NAME    NUMBER
   4000      -2.0545E+02     5.5637E-02     2.6234E-01     CZ         19

 BOND    =        4.0081  ANGLE   =        7.3909  DIHED      =       11.9867
 UB      =        0.0000  IMP     =        0.0000  CMAP       =       -2.5416
 VDWAALS =      -24.8391  EEL     =     -454.2060  EGB        =     -359.6409
 1-4 VDW =       24.0597  1-4 EEL =      588.3305  RESTRAINT  =        0.0000


  Maximum number of minimization cycles reached.


                    FINAL RESULTS



   NSTEP       ENERGY          RMS            GMAX         NAME    NUMBER
   4000      -2.0545E+02     5.5637E-02     2.6234E-01     CZ         19

 BOND    =        4.0081  ANGLE   =        7.3909  DIHED      =       11.9867
 UB      =        0.0000  IMP     =        0.0000  CMAP       =       -2.5416
 VDWAALS =      -24.8391  EEL     =     -454.2060  EGB        =     -359.6409
 1-4 VDW =       24.0597  1-4 EEL =      588.3305  RESTRAINT  =        0.0000
--------------------------------------------------------------------------------
   5.  TIMINGS
--------------------------------------------------------------------------------

|  NonSetup CPU Time in Major Routines:
|
|     Routine           Sec        %
|     ------------------------------
|     Nonbond           3.57   90.65
|     Bond              0.01    0.23
|     Angle             0.06    1.47
|     Dihedral          0.29    7.33
|     Shake             0.00    0.00
|     Other             0.01    0.31
|     ------------------------------
|     Total             3.94

|  Generalized Born CPU Time:
|
|     Routine                 Sec        %
|     ------------------------------------
|     Radii Calc              0.93   23.53
|     Diagonal Calc           1.67   42.53
|     Off Diagonal Calc       0.94   23.83
|     GBSA LCPO Calc          0.00    0.06
|     ---------------------------------
|     Total                   3.54   89.90

|  Setup CPU time:            0.00 seconds
|  NonSetup CPU time:         3.94 seconds
|  Total CPU time:            3.94 seconds     0.00 hours

|  Setup wall time:           0    seconds
|  NonSetup wall time:        4    seconds
|  Total wall time:           4    seconds     0.00 hours
