
          -------------------------------------------------------
          Amber 20 PMEMD                              2020
          -------------------------------------------------------

| PMEMD implementation of SANDER, Release 18

|  Compiled date/time: Wed Oct  6 11:16:13 2021
| Run on 10/18/2021 at 14:52:28

|   Executable path: pmemd
| Working directory: /home/amax/all-md/21/300
|          Hostname: Unknown
  [-O]verwriting output

File Assignments:
|   MDIN: min.in                                                                
|  MDOUT: min.out                                                               
| INPCRD: pep.crd                                                               
|   PARM: pep.top                                                               
| RESTRT: min.rst                                                               
|   REFC: pep.crd                                                               
|  MDVEL: mdvel                                                                 
|   MDEN: mden                                                                  
|  MDCRD: mdcrd                                                                 
| MDINFO: mdinfo                                                                
|  MDFRC: mdfrc                                                                 


 Here is the input file:

Minimisation                                                                   
&cntrl                                                                         
imin=1,                                                                        
maxcyc=4000,                                                                   
ncyc=2000,                                                                     
ntb=0,                                                                         
cut=999,                                                                       
igb=8,                                                                         
/                                                                              


Note: ig = -1. Setting random seed to   759030 based on wallclock time in 
      microseconds.
| irandom = 1, using AMBER's internal random number generator (default).
 
| Conditional Compilation Defines Used:
| PUBFFT
| BINTRAJ
| EMIL

| New format PARM file being parsed.
| Version =    1.000 Date = 10/18/21 Time = 14:52:28

| Note: 1-4 EEL scale factors are being read from the topology file.

| Note: 1-4 VDW scale factors are being read from the topology file.
| INFO:    Reading atomic numbers from topology file.
| Duplicated    0 dihedrals

| Duplicated    0 dihedrals

--------------------------------------------------------------------------------
   1.  RESOURCE   USE: 
--------------------------------------------------------------------------------

 NATOM  =      93 NTYPES =       9 NBONH =      50 MBONA  =      43
 NTHETH =     112 MTHETA =      56 NPHIH =     204 MPHIA  =     158
 NHPARM =       0 NPARM  =       0 NNB   =     496 NRES   =       7
 NBONA  =      43 NTHETA =      56 NPHIA =     158 NUMBND =      25
 NUMANG =      52 NPTRA  =      40 NATYP =      15 NPHB   =       0
 IFBOX  =       0 NMXRS  =      22 IFCAP =       0 NEXTRA =       0
 NCOPY  =       0

 Implicit solvent radii are ArgH and AspGluO modified Bondi2 radii (mbondi3)                                
 Replacing prmtop screening parameters with GBn2 (igb=8) values

--------------------------------------------------------------------------------
   2.  CONTROL  DATA  FOR  THE  RUN
--------------------------------------------------------------------------------

ACE                                                                             

General flags:
     imin    =       1, nmropt  =       0

Nature and format of input:
     ntx     =       1, irest   =       0, ntrx    =       1

Nature and format of output:
     ntxo    =       2, ntpr    =      50, ntrx    =       1, ntwr    =       1
     iwrap   =       0, ntwx    =       0, ntwv    =       0, ntwe    =       0
     ioutfm  =       1, ntwprt  =       0, idecomp =       0, rbornstat=      0

Potential function:
     ntf     =       1, ntb     =       0, igb     =       8, nsnb    =      25
     ipol    =       0, gbsa    =       0, iesp    =       0
     dielc   =   1.00000, cut     = 999.00000, intdiel =   1.00000
     saltcon =   0.00000, offset  =   0.19514, surften =   0.00500
     rdt     =   0.00000, rgbmax  =  25.00000  extdiel =  78.50000
     alpb  =        0
     gbalphaH  =   0.78844, gbbetaH   =   0.79870,  gbgammaH  =    0.43733
     gbalphaC  =   0.73376, gbbetaC   =   0.50638,  gbgammaC  =    0.20584
     gbalphaN  =   0.50336, gbbetaN   =   0.31683,  gbgammaN  =    0.19292
     gbalphaOS =   0.86781, gbbetaOS  =   0.87664,  gbgammaOS =    0.38788
     gbalphaP  =   1.00000, gbbetaP   =   0.80000,  gbgammaP  =    4.85000
     gb_alpha_hnu  =   0.53705, gb_beta_hnu   =   0.36286,  gb_gamma_hnu  =    0.11670
     gb_alpha_cnu  =   0.33167, gb_beta_cnu   =   0.19684,  gb_gamma_cnu  =    0.09342
     gb_alpha_nnu  =   0.68631, gb_beta_nnu   =   0.46319,  gb_gamma_nnu  =    0.13872
     gb_alpha_onu  =   0.60634, gb_beta_onu   =   0.46301,  gb_gamma_onu  =    0.14226
     gb_alpha_pnu  =   0.41836, gb_beta_pnu   =   0.29005,  gb_gamma_pnu  =    0.10642

Frozen or restrained atoms:
     ibelly  =       0, ntr     =       0

Energy minimization:
     maxcyc  =    4000, ncyc    =    2000, ntmin   =       1
     dx0     =   0.01000, drms    =   0.00010

| Intermolecular bonds treatment:
|     no_intermolecular_bonds =       1

| Energy averages sample interval:
|     ene_avg_sampling =       1

--------------------------------------------------------------------------------
   3.  ATOMIC COORDINATES AND VELOCITIES
--------------------------------------------------------------------------------

ACE                                                                             
 begin time read from input coords =     0.000 ps

 
 Number of triangulated 3-point waters found:        0
| Dynamic Memory, Types Used:
| Reals               10045
| Integers             9504

--------------------------------------------------------------------------------
   4.  RESULTS
--------------------------------------------------------------------------------



   NSTEP       ENERGY          RMS            GMAX         NAME    NUMBER
      1       1.2011E+04     1.2825E+04     1.1550E+05     HD2        24

 BOND    =        0.2076  ANGLE   =        1.9059  DIHED      =        7.2521
 UB      =        0.0000  IMP     =        0.0000  CMAP       =       -3.6753
 VDWAALS =    12094.3202  EEL     =     -366.4330  EGB        =      -98.1511
 1-4 VDW =       30.2000  1-4 EEL =      345.2025  RESTRAINT  =        0.0000


   NSTEP       ENERGY          RMS            GMAX         NAME    NUMBER
     50      -7.7490E+01     6.0932E+00     4.2952E+01     C          35

 BOND    =        4.4899  ANGLE   =       11.4331  DIHED      =       12.2673
 UB      =        0.0000  IMP     =        0.0000  CMAP       =       -3.7240
 VDWAALS =        3.6111  EEL     =     -367.4144  EGB        =     -101.4263
 1-4 VDW =       21.7250  1-4 EEL =      341.5481  RESTRAINT  =        0.0000


   NSTEP       ENERGY          RMS            GMAX         NAME    NUMBER
    100      -9.6021E+01     1.1775E+00     5.2973E+00     CE2        21

 BOND    =        2.8409  ANGLE   =        9.3891  DIHED      =       10.9282
 UB      =        0.0000  IMP     =        0.0000  CMAP       =       -3.5502
 VDWAALS =       -5.7818  EEL     =     -365.3413  EGB        =     -103.0670
 1-4 VDW =       18.8286  1-4 EEL =      339.7328  RESTRAINT  =        0.0000


   NSTEP       ENERGY          RMS            GMAX         NAME    NUMBER
    150      -1.0142E+02     6.6087E-01     2.3639E+00     CE1        17

 BOND    =        3.0514  ANGLE   =        8.6254  DIHED      =       10.1800
 UB      =        0.0000  IMP     =        0.0000  CMAP       =       -3.3317
 VDWAALS =       -8.5804  EEL     =     -364.0164  EGB        =     -103.9257
 1-4 VDW =       17.9401  1-4 EEL =      338.6399  RESTRAINT  =        0.0000


   NSTEP       ENERGY          RMS            GMAX         NAME    NUMBER
    200      -1.0419E+02     1.3930E+00     6.8699E+00     CD1        15

 BOND    =        3.3111  ANGLE   =        8.2265  DIHED      =        9.6983
 UB      =        0.0000  IMP     =        0.0000  CMAP       =       -3.1160
 VDWAALS =       -9.9369  EEL     =     -362.9198  EGB        =     -104.6263
 1-4 VDW =       17.4363  1-4 EEL =      337.7410  RESTRAINT  =        0.0000


   NSTEP       ENERGY          RMS            GMAX         NAME    NUMBER
    250      -1.0601E+02     5.5806E-01     2.4969E+00     CE2        21

 BOND    =        3.1977  ANGLE   =        7.7110  DIHED      =        9.3981
 UB      =        0.0000  IMP     =        0.0000  CMAP       =       -2.9230
 VDWAALS =      -10.7285  EEL     =     -361.9305  EGB        =     -105.0635
 1-4 VDW =       17.1805  1-4 EEL =      337.1448  RESTRAINT  =        0.0000


   NSTEP       ENERGY          RMS            GMAX         NAME    NUMBER
    300      -1.0719E+02     1.2383E+00     5.1815E+00     C          57

 BOND    =        3.2421  ANGLE   =        7.5875  DIHED      =        9.1914
 UB      =        0.0000  IMP     =        0.0000  CMAP       =       -2.7362
 VDWAALS =      -11.2619  EEL     =     -361.2013  EGB        =     -105.5511
 1-4 VDW =       16.9419  1-4 EEL =      336.5971  RESTRAINT  =        0.0000


   NSTEP       ENERGY          RMS            GMAX         NAME    NUMBER
    350      -1.0817E+02     6.7299E-01     2.7613E+00     CD1        15

 BOND    =        3.2905  ANGLE   =        6.9075  DIHED      =        9.0379
 UB      =        0.0000  IMP     =        0.0000  CMAP       =       -2.5860
 VDWAALS =      -11.6115  EEL     =     -360.4896  EGB        =     -105.7451
 1-4 VDW =       16.8538  1-4 EEL =      336.1771  RESTRAINT  =        0.0000


   NSTEP       ENERGY          RMS            GMAX         NAME    NUMBER
    400      -1.0887E+02     9.8659E-01     3.9340E+00     CD1        15

 BOND    =        3.3657  ANGLE   =        6.7483  DIHED      =        8.9259
 UB      =        0.0000  IMP     =        0.0000  CMAP       =       -2.4394
 VDWAALS =      -11.9005  EEL     =     -360.0116  EGB        =     -106.0706
 1-4 VDW =       16.7172  1-4 EEL =      335.7958  RESTRAINT  =        0.0000


   NSTEP       ENERGY          RMS            GMAX         NAME    NUMBER
    450      -1.0951E+02     5.4997E-01     2.1073E+00     CE2        21

 BOND    =        3.1229  ANGLE   =        6.5390  DIHED      =        8.8399
 UB      =        0.0000  IMP     =        0.0000  CMAP       =       -2.3173
 VDWAALS =      -12.1583  EEL     =     -359.5300  EGB        =     -106.2818
 1-4 VDW =       16.6570  1-4 EEL =      335.6142  RESTRAINT  =        0.0000


   NSTEP       ENERGY          RMS            GMAX         NAME    NUMBER
    500      -1.1003E+02     8.1856E-01     3.5156E+00     CD1        15

 BOND    =        3.0994  ANGLE   =        6.2724  DIHED      =        8.7656
 UB      =        0.0000  IMP     =        0.0000  CMAP       =       -2.2052
 VDWAALS =      -12.3638  EEL     =     -359.1344  EGB        =     -106.4600
 1-4 VDW =       16.5994  1-4 EEL =      335.3952  RESTRAINT  =        0.0000


   NSTEP       ENERGY          RMS            GMAX         NAME    NUMBER
    550      -1.1052E+02     3.6533E-01     1.6212E+00     C          86

 BOND    =        3.1346  ANGLE   =        6.0904  DIHED      =        8.7018
 UB      =        0.0000  IMP     =        0.0000  CMAP       =       -2.1031
 VDWAALS =      -12.5300  EEL     =     -358.8423  EGB        =     -106.6552
 1-4 VDW =       16.5292  1-4 EEL =      335.1593  RESTRAINT  =        0.0000


   NSTEP       ENERGY          RMS            GMAX         NAME    NUMBER
    600      -1.1092E+02     2.0509E-01     7.3390E-01     HE2        22

 BOND    =        3.0746  ANGLE   =        5.9452  DIHED      =        8.6501
 UB      =        0.0000  IMP     =        0.0000  CMAP       =       -2.0165
 VDWAALS =      -12.6837  EEL     =     -358.5762  EGB        =     -106.8066
 1-4 VDW =       16.4822  1-4 EEL =      335.0149  RESTRAINT  =        0.0000


   NSTEP       ENERGY          RMS            GMAX         NAME    NUMBER
    650      -1.1127E+02     4.1674E-01     2.5234E+00     CG         14

 BOND    =        3.0359  ANGLE   =        5.8052  DIHED      =        8.6033
 UB      =        0.0000  IMP     =        0.0000  CMAP       =       -1.9374
 VDWAALS =      -12.8236  EEL     =     -358.3346  EGB        =     -106.9447
 1-4 VDW =       16.4414  1-4 EEL =      334.8799  RESTRAINT  =        0.0000


   NSTEP       ENERGY          RMS            GMAX         NAME    NUMBER
    700      -1.1158E+02     6.6468E-01     4.7041E+00     CG         14

 BOND    =        2.9998  ANGLE   =        5.7063  DIHED      =        8.5629
 UB      =        0.0000  IMP     =        0.0000  CMAP       =       -1.8689
 VDWAALS =      -12.9454  EEL     =     -358.1310  EGB        =     -107.0739
 1-4 VDW =       16.4038  1-4 EEL =      334.7645  RESTRAINT  =        0.0000


   NSTEP       ENERGY          RMS            GMAX         NAME    NUMBER
    750      -1.1190E+02     3.4216E-01     1.7381E+00     CD1        15

 BOND    =        3.0043  ANGLE   =        5.5410  DIHED      =        8.5211
 UB      =        0.0000  IMP     =        0.0000  CMAP       =       -1.8059
 VDWAALS =      -13.0569  EEL     =     -357.9433  EGB        =     -107.1753
 1-4 VDW =       16.3720  1-4 EEL =      334.6441  RESTRAINT  =        0.0000


   NSTEP       ENERGY          RMS            GMAX         NAME    NUMBER
    800      -1.1216E+02     5.3610E-01     2.5216E+00     C          25

 BOND    =        2.9923  ANGLE   =        5.3809  DIHED      =        8.4859
 UB      =        0.0000  IMP     =        0.0000  CMAP       =       -1.7529
 VDWAALS =      -13.1582  EEL     =     -357.7632  EGB        =     -107.2510
 1-4 VDW =       16.3524  1-4 EEL =      334.5526  RESTRAINT  =        0.0000


   NSTEP       ENERGY          RMS            GMAX         NAME    NUMBER
    850      -1.1242E+02     2.8200E-01     1.3214E+00     CE2        21

 BOND    =        2.9204  ANGLE   =        5.3852  DIHED      =        8.4534
 UB      =        0.0000  IMP     =        0.0000  CMAP       =       -1.7017
 VDWAALS =      -13.2611  EEL     =     -357.6236  EGB        =     -107.3845
 1-4 VDW =       16.3135  1-4 EEL =      334.4761  RESTRAINT  =        0.0000


   NSTEP       ENERGY          RMS            GMAX         NAME    NUMBER
    900      -1.1265E+02     4.3055E-01     1.7632E+00     C          35

 BOND    =        2.8716  ANGLE   =        5.3517  DIHED      =        8.4226
 UB      =        0.0000  IMP     =        0.0000  CMAP       =       -1.6581
 VDWAALS =      -13.3524  EEL     =     -357.4876  EGB        =     -107.4895
 1-4 VDW =       16.2853  1-4 EEL =      334.4090  RESTRAINT  =        0.0000


   NSTEP       ENERGY          RMS            GMAX         NAME    NUMBER
    950      -1.1287E+02     2.3525E-01     8.9823E-01     N          59

 BOND    =        2.9243  ANGLE   =        5.1745  DIHED      =        8.3930
 UB      =        0.0000  IMP     =        0.0000  CMAP       =       -1.6211
 VDWAALS =      -13.4272  EEL     =     -357.3510  EGB        =     -107.5423
 1-4 VDW =       16.2690  1-4 EEL =      334.3103  RESTRAINT  =        0.0000


   NSTEP       ENERGY          RMS            GMAX         NAME    NUMBER
   1000      -1.1307E+02     3.7510E-01     1.5055E+00     C          57

 BOND    =        2.9281  ANGLE   =        5.0618  DIHED      =        8.3651
 UB      =        0.0000  IMP     =        0.0000  CMAP       =       -1.5876
 VDWAALS =      -13.5039  EEL     =     -357.2212  EGB        =     -107.6079
 1-4 VDW =       16.2529  1-4 EEL =      334.2406  RESTRAINT  =        0.0000


   NSTEP       ENERGY          RMS            GMAX         NAME    NUMBER
   1050      -1.1327E+02     1.2690E-01     5.2934E-01     HE1        18

 BOND    =        2.8446  ANGLE   =        5.0747  DIHED      =        8.3396
 UB      =        0.0000  IMP     =        0.0000  CMAP       =       -1.5562
 VDWAALS =      -13.5813  EEL     =     -357.1146  EGB        =     -107.7085
 1-4 VDW =       16.2296  1-4 EEL =      334.2060  RESTRAINT  =        0.0000


   NSTEP       ENERGY          RMS            GMAX         NAME    NUMBER
   1100      -1.1345E+02     3.4297E-01     1.5695E+00     C          35

 BOND    =        2.7911  ANGLE   =        5.0769  DIHED      =        8.3138
 UB      =        0.0000  IMP     =        0.0000  CMAP       =       -1.5262
 VDWAALS =      -13.6568  EEL     =     -357.0096  EGB        =     -107.8088
 1-4 VDW =       16.2061  1-4 EEL =      334.1645  RESTRAINT  =        0.0000


   NSTEP       ENERGY          RMS            GMAX         NAME    NUMBER
   1150      -1.1361E+02     4.7709E-01     2.1123E+00     N          59

 BOND    =        2.7388  ANGLE   =        5.0057  DIHED      =        8.2911
 UB      =        0.0000  IMP     =        0.0000  CMAP       =       -1.5039
 VDWAALS =      -13.7229  EEL     =     -356.8959  EGB        =     -107.8639
 1-4 VDW =       16.1995  1-4 EEL =      334.1409  RESTRAINT  =        0.0000


   NSTEP       ENERGY          RMS            GMAX         NAME    NUMBER
   1200      -1.1378E+02     2.8580E-01     1.1520E+00     C          35

 BOND    =        2.8366  ANGLE   =        4.8487  DIHED      =        8.2695
 UB      =        0.0000  IMP     =        0.0000  CMAP       =       -1.4824
 VDWAALS =      -13.7741  EEL     =     -356.8025  EGB        =     -107.9070
 1-4 VDW =       16.1852  1-4 EEL =      334.0493  RESTRAINT  =        0.0000


   NSTEP       ENERGY          RMS            GMAX         NAME    NUMBER
   1250      -1.1392E+02     4.6408E-01     2.5599E+00     C          35

 BOND    =        2.8383  ANGLE   =        4.8914  DIHED      =        8.2495
 UB      =        0.0000  IMP     =        0.0000  CMAP       =       -1.4585
 VDWAALS =      -13.8309  EEL     =     -356.7396  EGB        =     -108.0165
 1-4 VDW =       16.1541  1-4 EEL =      333.9950  RESTRAINT  =        0.0000


   NSTEP       ENERGY          RMS            GMAX         NAME    NUMBER
   1300      -1.1407E+02     1.7480E-01     6.9509E-01     C          57

 BOND    =        2.7356  ANGLE   =        4.8397  DIHED      =        8.2312
 UB      =        0.0000  IMP     =        0.0000  CMAP       =       -1.4440
 VDWAALS =      -13.8898  EEL     =     -356.6323  EGB        =     -108.0620
 1-4 VDW =       16.1542  1-4 EEL =      334.0012  RESTRAINT  =        0.0000


   NSTEP       ENERGY          RMS            GMAX         NAME    NUMBER
   1350      -1.1420E+02     3.4197E-01     1.6341E+00     N          59

 BOND    =        2.6862  ANGLE   =        4.8270  DIHED      =        8.2138
 UB      =        0.0000  IMP     =        0.0000  CMAP       =       -1.4280
 VDWAALS =      -13.9438  EEL     =     -356.5474  EGB        =     -108.1299
 1-4 VDW =       16.1426  1-4 EEL =      333.9844  RESTRAINT  =        0.0000


   NSTEP       ENERGY          RMS            GMAX         NAME    NUMBER
   1400      -1.1433E+02     1.8267E-01     8.2018E-01     N          59

 BOND    =        2.7622  ANGLE   =        4.7180  DIHED      =        8.1979
 UB      =        0.0000  IMP     =        0.0000  CMAP       =       -1.4130
 VDWAALS =      -13.9861  EEL     =     -356.4721  EGB        =     -108.1755
 1-4 VDW =       16.1291  1-4 EEL =      333.9135  RESTRAINT  =        0.0000


   NSTEP       ENERGY          RMS            GMAX         NAME    NUMBER
   1450      -1.1444E+02     2.9380E-01     1.3686E+00     N          59

 BOND    =        2.7709  ANGLE   =        4.6439  DIHED      =        8.1834
 UB      =        0.0000  IMP     =        0.0000  CMAP       =       -1.4008
 VDWAALS =      -14.0307  EEL     =     -356.3903  EGB        =     -108.2190
 1-4 VDW =       16.1218  1-4 EEL =      333.8786  RESTRAINT  =        0.0000


   NSTEP       ENERGY          RMS            GMAX         NAME    NUMBER
   1500      -1.1456E+02     1.0075E-01     4.4963E-01     HE1        18

 BOND    =        2.6984  ANGLE   =        4.6786  DIHED      =        8.1695
 UB      =        0.0000  IMP     =        0.0000  CMAP       =       -1.3877
 VDWAALS =      -14.0786  EEL     =     -356.3211  EGB        =     -108.2975
 1-4 VDW =       16.1071  1-4 EEL =      333.8723  RESTRAINT  =        0.0000


   NSTEP       ENERGY          RMS            GMAX         NAME    NUMBER
   1550      -1.1467E+02     2.7575E-01     1.3704E+00     C          35

 BOND    =        2.6494  ANGLE   =        4.6471  DIHED      =        8.1564
 UB      =        0.0000  IMP     =        0.0000  CMAP       =       -1.3777
 VDWAALS =      -14.1244  EEL     =     -356.2376  EGB        =     -108.3473
 1-4 VDW =       16.1019  1-4 EEL =      333.8650  RESTRAINT  =        0.0000


   NSTEP       ENERGY          RMS            GMAX         NAME    NUMBER
   1600      -1.1477E+02     3.8508E-01     1.7862E+00     C          35

 BOND    =        2.6150  ANGLE   =        4.6372  DIHED      =        8.1445
 UB      =        0.0000  IMP     =        0.0000  CMAP       =       -1.3676
 VDWAALS =      -14.1667  EEL     =     -356.1662  EGB        =     -108.4061
 1-4 VDW =       16.0918  1-4 EEL =      333.8504  RESTRAINT  =        0.0000


   NSTEP       ENERGY          RMS            GMAX         NAME    NUMBER
   1650      -1.1487E+02     1.6149E-01     7.1215E-01     N          59

 BOND    =        2.6943  ANGLE   =        4.5696  DIHED      =        8.1337
 UB      =        0.0000  IMP     =        0.0000  CMAP       =       -1.3564
 VDWAALS =      -14.1999  EEL     =     -356.1117  EGB        =     -108.4590
 1-4 VDW =       16.0743  1-4 EEL =      333.7820  RESTRAINT  =        0.0000


   NSTEP       ENERGY          RMS            GMAX         NAME    NUMBER
   1700      -1.1497E+02     9.6359E-02     4.2177E-01     HE1        18

 BOND    =        2.6480  ANGLE   =        4.5635  DIHED      =        8.1235
 UB      =        0.0000  IMP     =        0.0000  CMAP       =       -1.3483
 VDWAALS =      -14.2397  EEL     =     -356.0431  EGB        =     -108.5134
 1-4 VDW =       16.0659  1-4 EEL =      333.7744  RESTRAINT  =        0.0000


   NSTEP       ENERGY          RMS            GMAX         NAME    NUMBER
   1750      -1.1506E+02     1.3543E-01     5.4030E-01     C          57

 BOND    =        2.6253  ANGLE   =        4.5526  DIHED      =        8.1139
 UB      =        0.0000  IMP     =        0.0000  CMAP       =       -1.3402
 VDWAALS =      -14.2774  EEL     =     -355.9800  EGB        =     -108.5681
 1-4 VDW =       16.0556  1-4 EEL =      333.7571  RESTRAINT  =        0.0000


   NSTEP       ENERGY          RMS            GMAX         NAME    NUMBER
   1800      -1.1515E+02     2.7849E-01     1.3454E+00     C          35

 BOND    =        2.5894  ANGLE   =        4.5222  DIHED      =        8.1051
 UB      =        0.0000  IMP     =        0.0000  CMAP       =       -1.3343
 VDWAALS =      -14.3148  EEL     =     -355.9100  EGB        =     -108.6077
 1-4 VDW =       16.0516  1-4 EEL =      333.7511  RESTRAINT  =        0.0000


   NSTEP       ENERGY          RMS            GMAX         NAME    NUMBER
   1850      -1.1523E+02     9.4194E-02     4.0110E-01     HE1        18

 BOND    =        2.6333  ANGLE   =        4.4767  DIHED      =        8.0973
 UB      =        0.0000  IMP     =        0.0000  CMAP       =       -1.3266
 VDWAALS =      -14.3454  EEL     =     -355.8608  EGB        =     -108.6525
 1-4 VDW =       16.0389  1-4 EEL =      333.7057  RESTRAINT  =        0.0000


   NSTEP       ENERGY          RMS            GMAX         NAME    NUMBER
   1900      -1.1531E+02     2.5334E-01     1.1945E+00     N          59

 BOND    =        2.6620  ANGLE   =        4.4471  DIHED      =        8.0896
 UB      =        0.0000  IMP     =        0.0000  CMAP       =       -1.3191
 VDWAALS =      -14.3778  EEL     =     -355.8104  EGB        =     -108.7008
 1-4 VDW =       16.0265  1-4 EEL =      333.6690  RESTRAINT  =        0.0000


   NSTEP       ENERGY          RMS            GMAX         NAME    NUMBER
   1950      -1.1539E+02     1.0267E-01     3.9118E-01     HE1        18

 BOND    =        2.5922  ANGLE   =        4.4538  DIHED      =        8.0824
 UB      =        0.0000  IMP     =        0.0000  CMAP       =       -1.3142
 VDWAALS =      -14.4135  EEL     =     -355.7507  EGB        =     -108.7443
 1-4 VDW =       16.0222  1-4 EEL =      333.6781  RESTRAINT  =        0.0000


   NSTEP       ENERGY          RMS            GMAX         NAME    NUMBER
   2000      -1.1547E+02     1.9640E-01     9.0897E-01     C          57

 BOND    =        2.5624  ANGLE   =        4.4600  DIHED      =        8.0755
 UB      =        0.0000  IMP     =        0.0000  CMAP       =       -1.3083
 VDWAALS =      -14.4467  EEL     =     -355.7012  EGB        =     -108.7926
 1-4 VDW =       16.0132  1-4 EEL =      333.6698  RESTRAINT  =        0.0000


   NSTEP       ENERGY          RMS            GMAX         NAME    NUMBER
   2050      -1.1701E+02     1.2038E-01     6.3612E-01     HD2        24

 BOND    =        2.3858  ANGLE   =        4.1171  DIHED      =        7.9964
 UB      =        0.0000  IMP     =        0.0000  CMAP       =       -1.1099
 VDWAALS =      -15.2959  EEL     =     -354.5584  EGB        =     -109.6357
 1-4 VDW =       15.8174  1-4 EEL =      333.2751  RESTRAINT  =        0.0000


   NSTEP       ENERGY          RMS            GMAX         NAME    NUMBER
   2100      -1.1710E+02     1.0502E-01     4.6495E-01     HD2        24

 BOND    =        2.3366  ANGLE   =        4.0705  DIHED      =        7.9623
 UB      =        0.0000  IMP     =        0.0000  CMAP       =       -1.1269
 VDWAALS =      -15.3432  EEL     =     -354.9134  EGB        =     -109.5061
 1-4 VDW =       15.8664  1-4 EEL =      333.5536  RESTRAINT  =        0.0000


   NSTEP       ENERGY          RMS            GMAX         NAME    NUMBER
   2150      -1.1719E+02     1.1848E-01     6.0455E-01     CE2        21

 BOND    =        2.3305  ANGLE   =        4.0426  DIHED      =        7.9405
 UB      =        0.0000  IMP     =        0.0000  CMAP       =       -1.1108
 VDWAALS =      -15.3898  EEL     =     -354.9186  EGB        =     -109.4960
 1-4 VDW =       15.8519  1-4 EEL =      333.5596  RESTRAINT  =        0.0000


   NSTEP       ENERGY          RMS            GMAX         NAME    NUMBER
   2200      -1.1727E+02     1.3244E-01     5.3160E-01     C          86

 BOND    =        2.3398  ANGLE   =        4.0092  DIHED      =        7.9216
 UB      =        0.0000  IMP     =        0.0000  CMAP       =       -1.1019
 VDWAALS =      -15.4269  EEL     =     -354.9631  EGB        =     -109.4802
 1-4 VDW =       15.8548  1-4 EEL =      333.5793  RESTRAINT  =        0.0000


   NSTEP       ENERGY          RMS            GMAX         NAME    NUMBER
   2250      -1.1732E+02     1.7825E-01     7.2909E-01     NZ         53

 BOND    =        2.3148  ANGLE   =        4.0134  DIHED      =        7.9078
 UB      =        0.0000  IMP     =        0.0000  CMAP       =       -1.1026
 VDWAALS =      -15.4570  EEL     =     -354.9956  EGB        =     -109.4780
 1-4 VDW =       15.8587  1-4 EEL =      333.6193  RESTRAINT  =        0.0000


   NSTEP       ENERGY          RMS            GMAX         NAME    NUMBER
   2300      -1.1738E+02     1.7799E-01     5.6638E-01     HB3        85

 BOND    =        2.3118  ANGLE   =        3.9788  DIHED      =        7.8951
 UB      =        0.0000  IMP     =        0.0000  CMAP       =       -1.1075
 VDWAALS =      -15.4916  EEL     =     -355.0490  EGB        =     -109.4640
 1-4 VDW =       15.8897  1-4 EEL =      333.6517  RESTRAINT  =        0.0000


   NSTEP       ENERGY          RMS            GMAX         NAME    NUMBER
   2350      -1.1743E+02     1.2085E-01     4.3367E-01     NZ         53

 BOND    =        2.2844  ANGLE   =        3.9814  DIHED      =        7.8812
 UB      =        0.0000  IMP     =        0.0000  CMAP       =       -1.1131
 VDWAALS =      -15.5174  EEL     =     -355.0957  EGB        =     -109.4416
 1-4 VDW =       15.9018  1-4 EEL =      333.6845  RESTRAINT  =        0.0000


   NSTEP       ENERGY          RMS            GMAX         NAME    NUMBER
   2400      -1.1748E+02     1.3737E-01     5.4196E-01     CE2        21

 BOND    =        2.2821  ANGLE   =        3.9758  DIHED      =        7.8716
 UB      =        0.0000  IMP     =        0.0000  CMAP       =       -1.1206
 VDWAALS =      -15.5422  EEL     =     -355.1305  EGB        =     -109.4388
 1-4 VDW =       15.9065  1-4 EEL =      333.7196  RESTRAINT  =        0.0000


   NSTEP       ENERGY          RMS            GMAX         NAME    NUMBER
   2450      -1.1753E+02     2.4282E-01     9.8789E-01     HD2        24

 BOND    =        2.3024  ANGLE   =        3.9373  DIHED      =        7.8597
 UB      =        0.0000  IMP     =        0.0000  CMAP       =       -1.1406
 VDWAALS =      -15.5774  EEL     =     -355.2280  EGB        =     -109.4235
 1-4 VDW =       15.9213  1-4 EEL =      333.8143  RESTRAINT  =        0.0000


   NSTEP       ENERGY          RMS            GMAX         NAME    NUMBER
   2500      -1.1757E+02     1.0709E-01     4.2542E-01     HD2        24

 BOND    =        2.2957  ANGLE   =        3.9144  DIHED      =        7.8490
 UB      =        0.0000  IMP     =        0.0000  CMAP       =       -1.1462
 VDWAALS =      -15.5956  EEL     =     -355.2442  EGB        =     -109.4205
 1-4 VDW =       15.9342  1-4 EEL =      333.8399  RESTRAINT  =        0.0000


   NSTEP       ENERGY          RMS            GMAX         NAME    NUMBER
   2550      -1.1761E+02     1.3374E-01     6.6824E-01     HD2        24

 BOND    =        2.3008  ANGLE   =        3.9338  DIHED      =        7.8433
 UB      =        0.0000  IMP     =        0.0000  CMAP       =       -1.1615
 VDWAALS =      -15.6195  EEL     =     -355.2541  EGB        =     -109.4265
 1-4 VDW =       15.9332  1-4 EEL =      333.8419  RESTRAINT  =        0.0000


   NSTEP       ENERGY          RMS            GMAX         NAME    NUMBER
   2600      -1.1764E+02     1.4794E-01     5.0792E-01     CA         80

 BOND    =        2.2952  ANGLE   =        3.9243  DIHED      =        7.8362
 UB      =        0.0000  IMP     =        0.0000  CMAP       =       -1.1749
 VDWAALS =      -15.6406  EEL     =     -355.2723  EGB        =     -109.4302
 1-4 VDW =       15.9431  1-4 EEL =      333.8775  RESTRAINT  =        0.0000


   NSTEP       ENERGY          RMS            GMAX         NAME    NUMBER
   2650      -1.1767E+02     5.3760E-02     2.4527E-01     HB2        12

 BOND    =        2.2855  ANGLE   =        3.9324  DIHED      =        7.8325
 UB      =        0.0000  IMP     =        0.0000  CMAP       =       -1.1826
 VDWAALS =      -15.6553  EEL     =     -355.2772  EGB        =     -109.4350
 1-4 VDW =       15.9571  1-4 EEL =      333.8729  RESTRAINT  =        0.0000


   NSTEP       ENERGY          RMS            GMAX         NAME    NUMBER
   2700      -1.1769E+02     5.5883E-02     1.9838E-01     CA         80

 BOND    =        2.2852  ANGLE   =        3.9317  DIHED      =        7.8297
 UB      =        0.0000  IMP     =        0.0000  CMAP       =       -1.1933
 VDWAALS =      -15.6679  EEL     =     -355.2792  EGB        =     -109.4433
 1-4 VDW =       15.9635  1-4 EEL =      333.8825  RESTRAINT  =        0.0000


   NSTEP       ENERGY          RMS            GMAX         NAME    NUMBER
   2750      -1.1772E+02     1.0135E-01     4.5790E-01     HZ         20

 BOND    =        2.2988  ANGLE   =        3.9271  DIHED      =        7.8265
 UB      =        0.0000  IMP     =        0.0000  CMAP       =       -1.2101
 VDWAALS =      -15.6834  EEL     =     -355.2895  EGB        =     -109.4525
 1-4 VDW =       15.9670  1-4 EEL =      333.9010  RESTRAINT  =        0.0000


   NSTEP       ENERGY          RMS            GMAX         NAME    NUMBER
   2800      -1.1774E+02     8.8785E-02     3.0519E-01     HB2        12

 BOND    =        2.2928  ANGLE   =        3.9346  DIHED      =        7.8240
 UB      =        0.0000  IMP     =        0.0000  CMAP       =       -1.2190
 VDWAALS =      -15.6977  EEL     =     -355.2935  EGB        =     -109.4601
 1-4 VDW =       15.9731  1-4 EEL =      333.9089  RESTRAINT  =        0.0000


   NSTEP       ENERGY          RMS            GMAX         NAME    NUMBER
   2850      -1.1776E+02     6.2093E-02     3.0738E-01     HB3        13

 BOND    =        2.2903  ANGLE   =        3.9397  DIHED      =        7.8233
 UB      =        0.0000  IMP     =        0.0000  CMAP       =       -1.2295
 VDWAALS =      -15.7115  EEL     =     -355.2864  EGB        =     -109.4665
 1-4 VDW =       15.9777  1-4 EEL =      333.9071  RESTRAINT  =        0.0000


   NSTEP       ENERGY          RMS            GMAX         NAME    NUMBER
   2900      -1.1777E+02     5.1124E-02     2.8546E-01     HB2        12

 BOND    =        2.2889  ANGLE   =        3.9405  DIHED      =        7.8211
 UB      =        0.0000  IMP     =        0.0000  CMAP       =       -1.2407
 VDWAALS =      -15.7240  EEL     =     -355.2847  EGB        =     -109.4764
 1-4 VDW =       15.9836  1-4 EEL =      333.9171  RESTRAINT  =        0.0000


   NSTEP       ENERGY          RMS            GMAX         NAME    NUMBER
   2950      -1.1779E+02     4.2889E-02     2.0190E-01     HB2        12

 BOND    =        2.2945  ANGLE   =        3.9357  DIHED      =        7.8193
 UB      =        0.0000  IMP     =        0.0000  CMAP       =       -1.2517
 VDWAALS =      -15.7353  EEL     =     -355.2800  EGB        =     -109.4864
 1-4 VDW =       15.9894  1-4 EEL =      333.9227  RESTRAINT  =        0.0000


   NSTEP       ENERGY          RMS            GMAX         NAME    NUMBER
   3000      -1.1781E+02     3.0758E-02     1.1387E-01     HB2        12

 BOND    =        2.2916  ANGLE   =        3.9398  DIHED      =        7.8176
 UB      =        0.0000  IMP     =        0.0000  CMAP       =       -1.2627
 VDWAALS =      -15.7468  EEL     =     -355.2719  EGB        =     -109.4987
 1-4 VDW =       15.9935  1-4 EEL =      333.9290  RESTRAINT  =        0.0000


   NSTEP       ENERGY          RMS            GMAX         NAME    NUMBER
   3050      -1.1783E+02     3.5818E-02     1.1912E-01     HB2        12

 BOND    =        2.2931  ANGLE   =        3.9393  DIHED      =        7.8164
 UB      =        0.0000  IMP     =        0.0000  CMAP       =       -1.2740
 VDWAALS =      -15.7587  EEL     =     -355.2656  EGB        =     -109.5098
 1-4 VDW =       16.0005  1-4 EEL =      333.9336  RESTRAINT  =        0.0000


   NSTEP       ENERGY          RMS            GMAX         NAME    NUMBER
   3100      -1.1784E+02     2.7222E-02     1.0002E-01     CE         50

 BOND    =        2.2929  ANGLE   =        3.9432  DIHED      =        7.8156
 UB      =        0.0000  IMP     =        0.0000  CMAP       =       -1.2853
 VDWAALS =      -15.7708  EEL     =     -355.2563  EGB        =     -109.5227
 1-4 VDW =       16.0060  1-4 EEL =      333.9361  RESTRAINT  =        0.0000


   NSTEP       ENERGY          RMS            GMAX         NAME    NUMBER
   3150      -1.1787E+02     2.1777E-02     1.0368E-01     HB2        12

 BOND    =        2.2966  ANGLE   =        3.9422  DIHED      =        7.8133
 UB      =        0.0000  IMP     =        0.0000  CMAP       =       -1.3083
 VDWAALS =      -15.7930  EEL     =     -355.2394  EGB        =     -109.5487
 1-4 VDW =       16.0189  1-4 EEL =      333.9471  RESTRAINT  =        0.0000


   NSTEP       ENERGY          RMS            GMAX         NAME    NUMBER
   3200      -1.1788E+02     4.5288E-02     2.8736E-01     NZ         53

 BOND    =        2.2986  ANGLE   =        3.9467  DIHED      =        7.8133
 UB      =        0.0000  IMP     =        0.0000  CMAP       =       -1.3181
 VDWAALS =      -15.8033  EEL     =     -355.2301  EGB        =     -109.5611
 1-4 VDW =       16.0216  1-4 EEL =      333.9477  RESTRAINT  =        0.0000


   NSTEP       ENERGY          RMS            GMAX         NAME    NUMBER
   3250      -1.1789E+02     2.6305E-02     1.0322E-01     HB2        12

 BOND    =        2.2963  ANGLE   =        3.9482  DIHED      =        7.8123
 UB      =        0.0000  IMP     =        0.0000  CMAP       =       -1.3239
 VDWAALS =      -15.8103  EEL     =     -355.2187  EGB        =     -109.5683
 1-4 VDW =       16.0262  1-4 EEL =      333.9444  RESTRAINT  =        0.0000


   NSTEP       ENERGY          RMS            GMAX         NAME    NUMBER
   3300      -1.1791E+02     1.9835E-02     9.4668E-02     HB2        12

 BOND    =        2.2952  ANGLE   =        3.9453  DIHED      =        7.8107
 UB      =        0.0000  IMP     =        0.0000  CMAP       =       -1.3300
 VDWAALS =      -15.8196  EEL     =     -355.2057  EGB        =     -109.5777
 1-4 VDW =       16.0296  1-4 EEL =      333.9463  RESTRAINT  =        0.0000


   NSTEP       ENERGY          RMS            GMAX         NAME    NUMBER
   3350      -1.1792E+02     2.1512E-02     8.9800E-02     CE2        21

 BOND    =        2.2982  ANGLE   =        3.9466  DIHED      =        7.8092
 UB      =        0.0000  IMP     =        0.0000  CMAP       =       -1.3361
 VDWAALS =      -15.8337  EEL     =     -355.1836  EGB        =     -109.5911
 1-4 VDW =       16.0285  1-4 EEL =      333.9394  RESTRAINT  =        0.0000


   NSTEP       ENERGY          RMS            GMAX         NAME    NUMBER
   3400      -1.1794E+02     2.0783E-02     7.8252E-02     CD1        15

 BOND    =        2.2957  ANGLE   =        3.9444  DIHED      =        7.8073
 UB      =        0.0000  IMP     =        0.0000  CMAP       =       -1.3383
 VDWAALS =      -15.8441  EEL     =     -355.1673  EGB        =     -109.5994
 1-4 VDW =       16.0311  1-4 EEL =      333.9351  RESTRAINT  =        0.0000


   NSTEP       ENERGY          RMS            GMAX         NAME    NUMBER
   3450      -1.1795E+02     4.7385E-02     1.7264E-01     N           7

 BOND    =        2.2925  ANGLE   =        3.9482  DIHED      =        7.8047
 UB      =        0.0000  IMP     =        0.0000  CMAP       =       -1.3397
 VDWAALS =      -15.8567  EEL     =     -355.1607  EGB        =     -109.6110
 1-4 VDW =       16.0246  1-4 EEL =      333.9482  RESTRAINT  =        0.0000


   NSTEP       ENERGY          RMS            GMAX         NAME    NUMBER
   3500      -1.1796E+02     1.6624E-02     7.7603E-02     HB2        12

 BOND    =        2.2938  ANGLE   =        3.9460  DIHED      =        7.8046
 UB      =        0.0000  IMP     =        0.0000  CMAP       =       -1.3400
 VDWAALS =      -15.8651  EEL     =     -355.1500  EGB        =     -109.6158
 1-4 VDW =       16.0202  1-4 EEL =      333.9460  RESTRAINT  =        0.0000


   NSTEP       ENERGY          RMS            GMAX         NAME    NUMBER
   3550      -1.1798E+02     1.5544E-02     8.1061E-02     CH3         2

 BOND    =        2.2919  ANGLE   =        3.9444  DIHED      =        7.8026
 UB      =        0.0000  IMP     =        0.0000  CMAP       =       -1.3404
 VDWAALS =      -15.8766  EEL     =     -355.1306  EGB        =     -109.6248
 1-4 VDW =       16.0147  1-4 EEL =      333.9429  RESTRAINT  =        0.0000


   NSTEP       ENERGY          RMS            GMAX         NAME    NUMBER
   3600      -1.1799E+02     1.1833E-02     4.0077E-02     HE1        18

 BOND    =        2.2916  ANGLE   =        3.9413  DIHED      =        7.7997
 UB      =        0.0000  IMP     =        0.0000  CMAP       =       -1.3407
 VDWAALS =      -15.8871  EEL     =     -355.1133  EGB        =     -109.6318
 1-4 VDW =       16.0099  1-4 EEL =      333.9381  RESTRAINT  =        0.0000


   NSTEP       ENERGY          RMS            GMAX         NAME    NUMBER
   3650      -1.1801E+02     1.4065E-02     4.6866E-02     HD2        24

 BOND    =        2.2898  ANGLE   =        3.9427  DIHED      =        7.7953
 UB      =        0.0000  IMP     =        0.0000  CMAP       =       -1.3412
 VDWAALS =      -15.9008  EEL     =     -355.0790  EGB        =     -109.6441
 1-4 VDW =       15.9980  1-4 EEL =      333.9245  RESTRAINT  =        0.0000


   NSTEP       ENERGY          RMS            GMAX         NAME    NUMBER
   3700      -1.1804E+02     1.5855E-02     6.3838E-02     CZ         19

 BOND    =        2.2811  ANGLE   =        3.9291  DIHED      =        7.7919
 UB      =        0.0000  IMP     =        0.0000  CMAP       =       -1.3458
 VDWAALS =      -15.9062  EEL     =     -355.0664  EGB        =     -109.6481
 1-4 VDW =       15.9982  1-4 EEL =      333.9310  RESTRAINT  =        0.0000


   NSTEP       ENERGY          RMS            GMAX         NAME    NUMBER
   3750      -1.1805E+02     3.5793E-02     1.1711E-01     HE1        18

 BOND    =        2.3003  ANGLE   =        3.9282  DIHED      =        7.7883
 UB      =        0.0000  IMP     =        0.0000  CMAP       =       -1.3448
 VDWAALS =      -15.9110  EEL     =     -355.0641  EGB        =     -109.6535
 1-4 VDW =       15.9820  1-4 EEL =      333.9290  RESTRAINT  =        0.0000


   NSTEP       ENERGY          RMS            GMAX         NAME    NUMBER
   3800      -1.1805E+02     1.9082E-02     8.1100E-02     CA          9

 BOND    =        2.2880  ANGLE   =        3.9276  DIHED      =        7.7879
 UB      =        0.0000  IMP     =        0.0000  CMAP       =       -1.3467
 VDWAALS =      -15.9119  EEL     =     -355.0702  EGB        =     -109.6529
 1-4 VDW =       15.9890  1-4 EEL =      333.9391  RESTRAINT  =        0.0000


   NSTEP       ENERGY          RMS            GMAX         NAME    NUMBER
   3850      -1.1806E+02     1.4650E-02     5.6119E-02     HD2        24

 BOND    =        2.2874  ANGLE   =        3.9312  DIHED      =        7.7857
 UB      =        0.0000  IMP     =        0.0000  CMAP       =       -1.3467
 VDWAALS =      -15.9136  EEL     =     -355.0563  EGB        =     -109.6556
 1-4 VDW =       15.9853  1-4 EEL =      333.9262  RESTRAINT  =        0.0000


   NSTEP       ENERGY          RMS            GMAX         NAME    NUMBER
   3900      -1.1807E+02     1.6434E-02     7.0712E-02     HD1        16

 BOND    =        2.2833  ANGLE   =        3.9265  DIHED      =        7.7825
 UB      =        0.0000  IMP     =        0.0000  CMAP       =       -1.3508
 VDWAALS =      -15.9167  EEL     =     -355.0288  EGB        =     -109.6623
 1-4 VDW =       15.9804  1-4 EEL =      333.9150  RESTRAINT  =        0.0000


   NSTEP       ENERGY          RMS            GMAX         NAME    NUMBER
   3950      -1.1808E+02     1.6343E-02     7.3962E-02     HZ         20

 BOND    =        2.2891  ANGLE   =        3.9352  DIHED      =        7.7786
 UB      =        0.0000  IMP     =        0.0000  CMAP       =       -1.3501
 VDWAALS =      -15.9193  EEL     =     -354.9986  EGB        =     -109.6665
 1-4 VDW =       15.9666  1-4 EEL =      333.8845  RESTRAINT  =        0.0000


   NSTEP       ENERGY          RMS            GMAX         NAME    NUMBER
   4000      -1.1809E+02     2.1426E-02     1.0532E-01     HB2        12

 BOND    =        2.2756  ANGLE   =        3.9174  DIHED      =        7.7786
 UB      =        0.0000  IMP     =        0.0000  CMAP       =       -1.3579
 VDWAALS =      -15.9179  EEL     =     -355.0257  EGB        =     -109.6656
 1-4 VDW =       15.9794  1-4 EEL =      333.9275  RESTRAINT  =        0.0000


  Maximum number of minimization cycles reached.


                    FINAL RESULTS



   NSTEP       ENERGY          RMS            GMAX         NAME    NUMBER
   4000      -1.1809E+02     2.1426E-02     1.0532E-01     HB2        12

 BOND    =        2.2756  ANGLE   =        3.9174  DIHED      =        7.7786
 UB      =        0.0000  IMP     =        0.0000  CMAP       =       -1.3579
 VDWAALS =      -15.9179  EEL     =     -355.0257  EGB        =     -109.6656
 1-4 VDW =       15.9794  1-4 EEL =      333.9275  RESTRAINT  =        0.0000
--------------------------------------------------------------------------------
   5.  TIMINGS
--------------------------------------------------------------------------------

|  NonSetup CPU Time in Major Routines:
|
|     Routine           Sec        %
|     ------------------------------
|     Nonbond           1.57   86.85
|     Bond              0.01    0.36
|     Angle             0.04    2.04
|     Dihedral          0.18   10.18
|     Shake             0.00    0.00
|     Other             0.01    0.58
|     ------------------------------
|     Total             1.81

|  Generalized Born CPU Time:
|
|     Routine                 Sec        %
|     ------------------------------------
|     Radii Calc              0.43   23.61
|     Diagonal Calc           0.74   40.94
|     Off Diagonal Calc       0.38   21.17
|     GBSA LCPO Calc          0.00    0.12
|     ---------------------------------
|     Total                   1.55   85.73

|  Setup CPU time:            0.00 seconds
|  NonSetup CPU time:         1.81 seconds
|  Total CPU time:            1.81 seconds     0.00 hours

|  Setup wall time:           0    seconds
|  NonSetup wall time:        2    seconds
|  Total wall time:           2    seconds     0.00 hours
